[INFO] 12:02:34:836 Broker/(12994:12994): Se acepto un nuevo cliente en el socket 16
[INFO] 12:02:34:836 Broker/(12994:12995): El cliente 7 envió un mensaje para la cola CAUGHT_POKEMON a través de socket 16
[INFO] 12:02:34:836 Broker/(12994:12995): Almacenado mensaje en la posicion 0 (0x8da1cc0)
[INFO] 12:02:34:839 Broker/(12994:12994): Se acepto un nuevo cliente en el socket 20
[INFO] 12:02:34:839 Broker/(12994:12995): El cliente 7 envió un mensaje para la cola CAUGHT_POKEMON a través de socket 20
[INFO] 12:02:34:839 Broker/(12994:12995): Almacenado mensaje en la posicion 4 (0x8da1cc4)
[INFO] 12:02:34:842 Broker/(12994:12994): Se acepto un nuevo cliente en el socket 21
[INFO] 12:02:34:843 Broker/(12994:12995): El cliente 7 envió un mensaje para la cola CATCH_POKEMON a través de socket 21
[INFO] 12:02:34:843 Broker/(12994:12995): Almacenado mensaje en la posicion 8 (0x8da1cc8)
[INFO] 12:02:34:846 Broker/(12994:12994): Se acepto un nuevo cliente en el socket 22
[INFO] 12:02:34:847 Broker/(12994:12995): El cliente 7 envió un mensaje para la cola CATCH_POKEMON a través de socket 22
[INFO] 12:02:34:847 Broker/(12994:12995): Almacenado mensaje en la posicion 27 (0x8da1cdb)
[INFO] 12:02:34:848 Broker/(12994:12994): Se acepto un nuevo cliente en el socket 23
[INFO] 12:02:34:849 Broker/(12994:12995): El cliente 7 envió un mensaje para la cola CATCH_POKEMON a través de socket 23
[INFO] 12:02:34:849 Broker/(12994:12995): Almacenado mensaje en la posicion 47 (0x8da1cef)
[INFO] 12:02:35:375 Broker/(12994:12994): Se acepto un nuevo cliente en el socket 25
[INFO] 12:02:35:379 Broker/(12994:12995): El cliente 7 solicitó suscribirse a la cola CAUGHT_POKEMON a través del socket 25
[INFO] 12:02:35:380 Broker/(12994:13000): Se envió mensaje 0 perteneciente a la cola CAUGHT_POKEMON al cliente 7
[INFO] 12:02:35:380 Broker/(12994:13000): Se envió mensaje 1 perteneciente a la cola CAUGHT_POKEMON al cliente 7
[INFO] 12:02:35:395 Broker/(12994:12994): Se acepto un nuevo cliente en el socket 26
[INFO] 12:02:35:395 Broker/(12994:12995): El cliente 7 envió confirmación del mensaje 0 a través del socket 26 
[INFO] 12:02:35:397 Broker/(12994:12994): Se acepto un nuevo cliente en el socket 27
[INFO] 12:02:35:397 Broker/(12994:12995): El cliente 7 envió confirmación del mensaje 1 a través del socket 27 
[INFO] 12:02:45:444 Broker/(12994:12994): Se acepto un nuevo cliente en el socket 28
[INFO] 12:02:45:444 Broker/(12994:12995): El cliente 7 envió un mensaje para la cola CATCH_POKEMON a través de socket 28
[INFO] 12:02:45:444 Broker/(12994:12995): Eliminado de una particion en la posicion 0 (0x8da1cc0)
[INFO] 12:02:45:444 Broker/(12994:12995): Ejecutando compactación de memoria
[INFO] 12:02:45:444 Broker/(12994:12995): Almacenado mensaje en la posicion 0 (0x8da1cc0)
[INFO] 12:02:45:444 Broker/(12994:12995): Almacenado mensaje en la posicion 4 (0x8da1cc4)
[INFO] 12:02:45:444 Broker/(12994:12995): Almacenado mensaje en la posicion 23 (0x8da1cd7)
[INFO] 12:02:45:444 Broker/(12994:12995): Almacenado mensaje en la posicion 43 (0x8da1ceb)
[INFO] 12:02:45:444 Broker/(12994:12995): Eliminado de una particion en la posicion 0 (0x8da1cc0)
[INFO] 12:02:45:445 Broker/(12994:12995): Ejecutando compactación de memoria
[INFO] 12:02:45:445 Broker/(12994:12995): Almacenado mensaje en la posicion 0 (0x8da1cc0)
[INFO] 12:02:45:445 Broker/(12994:12995): Almacenado mensaje en la posicion 19 (0x8da1cd3)
[INFO] 12:02:45:445 Broker/(12994:12995): Almacenado mensaje en la posicion 39 (0x8da1ce7)
[INFO] 12:02:45:445 Broker/(12994:12995): Eliminado de una particion en la posicion 0 (0x8da1cc0)
[INFO] 12:02:45:445 Broker/(12994:12995): Ejecutando compactación de memoria
[INFO] 12:02:45:445 Broker/(12994:12995): Almacenado mensaje en la posicion 0 (0x8da1cc0)
[INFO] 12:02:45:445 Broker/(12994:12995): Almacenado mensaje en la posicion 20 (0x8da1cd4)
[INFO] 12:02:45:445 Broker/(12994:12995): Almacenado mensaje en la posicion 36 (0x8da1ce4)
