[INFO] 21:15:58:32 Team/(17187:17200): Llego el sgte mensaje: APPEARED_POKEMON, de la especie Flareon en las coordenadas (4, 6)
[DEBUG] 21:16:03:23 Team/(17187:17201): Llego el sgte mensaje: LOCALIZED_POKEMON de la especie Squirtle
[INFO] 21:16:03:30 Team/(17187:17197): El entrenador 2 pasa a Ready por ser el mas cercano a Squirtle
[INFO] 21:16:03:35 Team/(17187:17198): El entrenador 2 pasó a ejecutar
[INFO] 21:16:03:36 Team/(17187:17190): El entrenador 2 se mueve a atrapar a Squirtle a la posicion (5, 2)
[DEBUG] 21:16:08:72 Team/(17187:17201): Llego el sgte mensaje: LOCALIZED_POKEMON de la especie Pikachu
[INFO] 21:16:08:75 Team/(17187:17197): El entrenador 1 pasa a Ready por ser el mas cercano a Pikachu
[INFO] 21:16:13:63 Team/(17187:17190): El entrenador 2 hizo el pedido de catch pokemon para Squirtle en la posicion (5 ,2)
[INFO] 21:16:13:65 Team/(17187:17190): Confirmada recepcion del pedido CATCH para el pokemon: Squirtle
[INFO] 21:16:13:66 Team/(17187:17190): El entrenador 2 esta bloqueado esperando que llegue mensaje Caught
[DEBUG] 21:16:13:122 Team/(17187:17201): Llego el sgte mensaje: LOCALIZED_POKEMON de la especie Jolteon
[DEBUG] 21:16:18:111 Team/(17187:17202): Llego el sgte mensaje: CAUGHT_POKEMON, id correlativo --> 19 y status 0
[INFO] 21:16:18:117 Team/(17187:17197): El entrenador 2 esta bloqueado esperando pokemones
[INFO] 21:16:18:120 Team/(17187:17198): El entrenador 1 pasó a ejecutar
[INFO] 21:16:18:122 Team/(17187:17189): El entrenador 1 se mueve a atrapar a Pikachu a la posicion (9, 9)
[DEBUG] 21:16:18:138 Team/(17187:17201): Llego el sgte mensaje: LOCALIZED_POKEMON de la especie Flareon
[DEBUG] 21:16:28:389 Team/(17187:17202): Llego el sgte mensaje: CAUGHT_POKEMON, id correlativo --> 23 y status 0
[DEBUG] 21:16:43:655 Team/(17187:17202): Llego el sgte mensaje: CAUGHT_POKEMON, id correlativo --> 25 y status 0
[INFO] 21:17:23:662 Team/(17187:17189): El entrenador 1 hizo el pedido de catch pokemon para Pikachu en la posicion (9 ,9)
[INFO] 21:17:23:663 Team/(17187:17189): Confirmada recepcion del pedido CATCH para el pokemon: Pikachu
[INFO] 21:17:23:663 Team/(17187:17189): El entrenador 1 esta bloqueado esperando que llegue mensaje Caught
[DEBUG] 21:17:24:214 Team/(17187:17202): Llego el sgte mensaje: CAUGHT_POKEMON, id correlativo --> 27 y status 0
[INFO] 21:17:24:215 Team/(17187:17197): El entrenador 1 esta bloqueado esperando pokemones
[INFO] 21:17:48:257 Team/(17187:17200): Llego el sgte mensaje: APPEARED_POKEMON, de la especie Onix en las coordenadas (2, 8)
[INFO] 21:17:48:259 Team/(17187:17197): El entrenador 0 pasa a Ready por ser el mas cercano a Onix
[INFO] 21:17:48:260 Team/(17187:17198): El entrenador 0 pasó a ejecutar
[INFO] 21:17:48:261 Team/(17187:17188): El entrenador 0 se mueve a atrapar a Onix a la posicion (2, 8)
[INFO] 21:17:53:310 Team/(17187:17200): Llego el sgte mensaje: APPEARED_POKEMON, de la especie Gengar en las coordenadas (6, 6)
[INFO] 21:17:53:312 Team/(17187:17197): El entrenador 2 pasa a Ready por ser el mas cercano a Gengar
[INFO] 21:17:58:374 Team/(17187:17200): Llego el sgte mensaje: APPEARED_POKEMON, de la especie Squirtle en las coordenadas (5, 5)
[INFO] 21:17:58:375 Team/(17187:17197): El entrenador 1 pasa a Ready por ser el mas cercano a Squirtle
[INFO] 21:18:03:413 Team/(17187:17200): Llego el sgte mensaje: APPEARED_POKEMON, de la especie Umbreon en las coordenadas (10, 6)
[INFO] 21:18:08:444 Team/(17187:17200): Llego el sgte mensaje: APPEARED_POKEMON, de la especie Espeon en las coordenadas (7, 1)
[INFO] 21:18:13:476 Team/(17187:17200): Llego el sgte mensaje: APPEARED_POKEMON, de la especie Vaporeon en las coordenadas (4, 10)
[INFO] 21:18:18:318 Team/(17187:17188): El entrenador 0 hizo el pedido de catch pokemon para Onix en la posicion (2 ,8)
[INFO] 21:18:18:318 Team/(17187:17188): Confirmada recepcion del pedido CATCH para el pokemon: Onix
[INFO] 21:18:18:318 Team/(17187:17188): El entrenador 0 esta bloqueado esperando que llegue mensaje Caught
[DEBUG] 21:18:18:351 Team/(17187:17202): Llego el sgte mensaje: CAUGHT_POKEMON, id correlativo --> 41 y status 0
[INFO] 21:18:18:353 Team/(17187:17197): El entrenador 0 está bloqueado por haber alcanzado la cantidad máxima de pokemones que podía atrapar
[INFO] 21:18:18:353 Team/(17187:17198): El entrenador 2 pasó a ejecutar
[INFO] 21:18:18:354 Team/(17187:17190): El entrenador 2 se mueve a atrapar a Gengar a la posicion (6, 6)
[INFO] 21:18:43:387 Team/(17187:17190): El entrenador 2 hizo el pedido de catch pokemon para Gengar en la posicion (6 ,6)
[INFO] 21:18:43:388 Team/(17187:17190): Confirmada recepcion del pedido CATCH para el pokemon: Gengar
[INFO] 21:18:43:388 Team/(17187:17190): El entrenador 2 esta bloqueado esperando que llegue mensaje Caught
[DEBUG] 21:18:43:452 Team/(17187:17202): Llego el sgte mensaje: CAUGHT_POKEMON, id correlativo --> 43 y status 0
[INFO] 21:18:43:453 Team/(17187:17197): El entrenador 2 está bloqueado por haber alcanzado la cantidad máxima de pokemones que podía atrapar
[INFO] 21:18:43:454 Team/(17187:17198): El entrenador 1 pasó a ejecutar
[INFO] 21:18:43:454 Team/(17187:17189): El entrenador 1 se mueve a atrapar a Squirtle a la posicion (5, 5)
[DEBUG] 21:18:48:491 Team/(17187:17202): Llego el sgte mensaje: CAUGHT_POKEMON, id correlativo --> 45 y status 0
[DEBUG] 21:18:53:510 Team/(17187:17202): Llego el sgte mensaje: CAUGHT_POKEMON, id correlativo --> 47 y status 0
[DEBUG] 21:18:53:541 Team/(17187:17202): Llego el sgte mensaje: CAUGHT_POKEMON, id correlativo --> 49 y status 0
[INFO] 21:19:23:499 Team/(17187:17189): El entrenador 1 hizo el pedido de catch pokemon para Squirtle en la posicion (5 ,5)
[INFO] 21:19:23:499 Team/(17187:17189): Confirmada recepcion del pedido CATCH para el pokemon: Squirtle
[INFO] 21:19:23:499 Team/(17187:17189): El entrenador 1 esta bloqueado esperando que llegue mensaje Caught
[DEBUG] 21:19:28:518 Team/(17187:17202): Llego el sgte mensaje: CAUGHT_POKEMON, id correlativo --> 51 y status 0
[INFO] 21:19:28:519 Team/(17187:17197): El entrenador 1 está bloqueado por haber alcanzado la cantidad máxima de pokemones que podía atrapar
[INFO] 21:19:28:523 Team/(17187:17199): La cantidad de entrenadores en deadlock es 3
[INFO] 21:19:28:524 Team/(17187:17199): Inicio del algoritmo de deteccion y resolucion de deadlock
[INFO] 21:19:28:532 Team/(17187:17199): Cantidad de deadlocks detectados: 1
[INFO] 21:19:28:534 Team/(17187:17199): El entrenador 0 pasó a la lista de listos para resolucion de deadlock
[INFO] 21:19:28:538 Team/(17187:17199): El entrenador 2 pasó a la lista de bloqueados esperando resolucion de deadlock
[INFO] 21:19:28:538 Team/(17187:17199): El entrenador 0 pasó a ejecutar
[INFO] 21:19:28:540 Team/(17187:17188): El entrenador 0 se mueve a la posicion de coordenadas (6, 6)
[INFO] 21:19:58:552 Team/(17187:17188): El entrenador de id 0 llegó a la posicion del entrenador de id 2
[INFO] 21:20:23:579 Team/(17187:17188): Se va a realizar un intercambio entre el entrenador 0 y 2
[INFO] 21:20:23:582 Team/(17187:17188): Se intercambiaron los pokemones Onix y Gengar entre los entrenadores 0 y 2
[INFO] 21:20:23:586 Team/(17187:17199): Luego de hacer un intercambio el entrenador 0 paso a la lista de bloqueados con cantidad maxima
[INFO] 21:20:23:589 Team/(17187:17190): El entrenador 2 finalizo
[INFO] 21:20:23:593 Team/(17187:17199): La cantidad de entrenadores en deadlock es 2
[INFO] 21:20:23:594 Team/(17187:17199): El entrenador 1 pasó a la lista de listos para resolucion de deadlock
[INFO] 21:20:23:595 Team/(17187:17199): El entrenador 0 pasó a la lista de bloqueados esperando resolucion de deadlock
[INFO] 21:20:23:596 Team/(17187:17199): El entrenador 1 pasó a ejecutar
[INFO] 21:20:23:596 Team/(17187:17189): El entrenador 1 se mueve a la posicion de coordenadas (6, 6)
[INFO] 21:20:33:699 Team/(17187:17189): El entrenador de id 1 llegó a la posicion del entrenador de id 0
[INFO] 21:20:58:711 Team/(17187:17189): Se va a realizar un intercambio entre el entrenador 1 y 0
[INFO] 21:20:58:712 Team/(17187:17189): Se intercambiaron los pokemones Squirtle y Gengar entre los entrenadores 1 y 0
[INFO] 21:20:58:714 Team/(17187:17188): El entrenador 0 finalizo
[INFO] 21:20:58:716 Team/(17187:17189): El entrenador 1 finalizo
[INFO] 21:20:58:719 Team/(17187:17199): La cantidad de ciclos de CPU totales es: 57
[INFO] 21:20:58:719 Team/(17187:17199): La cantidad de cambios de contextos realizados es: 12
[INFO] 21:20:58:721 Team/(17187:17199): La cantidad de ciclos de CPU realizados por el entrenador 2 es: 9
[INFO] 21:20:58:721 Team/(17187:17199): La cantidad de ciclos de CPU realizados por el entrenador 1 es: 30
[INFO] 21:20:58:721 Team/(17187:17199): La cantidad de ciclos de CPU realizados por el entrenador 0 es: 18
[INFO] 21:20:58:722 Team/(17187:17199): La cantidad de deadlocks producidos es: 1
[INFO] 21:20:58:722 Team/(17187:17199): La cantidad de deadlocks resueltos es: 1
