[DEBUG] 21:16:08:75 Team/(17226:17241): Llego el sgte mensaje: LOCALIZED_POKEMON de la especie Pikachu
[DEBUG] 21:16:13:124 Team/(17226:17241): Llego el sgte mensaje: LOCALIZED_POKEMON de la especie Jolteon
[INFO] 21:16:13:131 Team/(17226:17237): El entrenador 0 pasa a Ready por ser el mas cercano a Jolteon
[INFO] 21:16:13:138 Team/(17226:17238): El entrenador 0 pasó a ejecutar
[INFO] 21:16:13:139 Team/(17226:17227): El entrenador 0 se mueve a atrapar a Jolteon a la posicion (2, 2)
[DEBUG] 21:16:18:113 Team/(17226:17242): Llego el sgte mensaje: CAUGHT_POKEMON, id correlativo --> 19 y status 0
[DEBUG] 21:16:18:139 Team/(17226:17241): Llego el sgte mensaje: LOCALIZED_POKEMON de la especie Flareon
[INFO] 21:16:18:140 Team/(17226:17237): El entrenador 1 pasa a Ready por ser el mas cercano a Flareon
[INFO] 21:16:18:142 Team/(17226:17227): El entrenador de id 0 fue desalojado y paso a Ready
[INFO] 21:16:18:143 Team/(17226:17238): El entrenador 1 pasó a ejecutar
[INFO] 21:16:18:144 Team/(17226:17228): El entrenador 1 se mueve a atrapar a Flareon a la posicion (4, 6)
[INFO] 21:16:23:354 Team/(17226:17228): El entrenador de id 1 fue desalojado y paso a Ready
[INFO] 21:16:23:354 Team/(17226:17238): El entrenador 0 pasó a ejecutar
[INFO] 21:16:23:368 Team/(17226:17227): El entrenador 0 hizo el pedido de catch pokemon para Jolteon en la posicion (2 ,2)
[INFO] 21:16:23:369 Team/(17226:17227): Confirmada recepcion del pedido CATCH para el pokemon: Jolteon
[INFO] 21:16:23:370 Team/(17226:17227): El entrenador 0 esta bloqueado esperando que llegue mensaje Caught
[INFO] 21:16:28:374 Team/(17226:17238): El entrenador 1 pasó a ejecutar
[DEBUG] 21:16:28:390 Team/(17226:17242): Llego el sgte mensaje: CAUGHT_POKEMON, id correlativo --> 23 y status 0
[INFO] 21:16:28:396 Team/(17226:17237): El entrenador 0 está bloqueado por haber alcanzado la cantidad máxima de pokemones que podía atrapar
[INFO] 21:16:33:399 Team/(17226:17228): El entrenador de id 1 fue desalojado y paso a Ready
[INFO] 21:16:33:399 Team/(17226:17238): El entrenador 1 pasó a ejecutar
[INFO] 21:16:38:603 Team/(17226:17228): El entrenador de id 1 fue desalojado y paso a Ready
[INFO] 21:16:38:604 Team/(17226:17238): El entrenador 1 pasó a ejecutar
[INFO] 21:16:38:625 Team/(17226:17228): El entrenador 1 hizo el pedido de catch pokemon para Flareon en la posicion (4 ,6)
[INFO] 21:16:38:625 Team/(17226:17228): Confirmada recepcion del pedido CATCH para el pokemon: Flareon
[INFO] 21:16:38:626 Team/(17226:17228): El entrenador 1 esta bloqueado esperando que llegue mensaje Caught
[DEBUG] 21:16:43:656 Team/(17226:17242): Llego el sgte mensaje: CAUGHT_POKEMON, id correlativo --> 25 y status 0
[INFO] 21:16:43:657 Team/(17226:17237): El entrenador 1 está bloqueado por haber alcanzado la cantidad máxima de pokemones que podía atrapar
[DEBUG] 21:17:24:215 Team/(17226:17242): Llego el sgte mensaje: CAUGHT_POKEMON, id correlativo --> 27 y status 0
[INFO] 21:17:48:259 Team/(17226:17240): Llego el sgte mensaje: APPEARED_POKEMON, de la especie Onix en las coordenadas (2, 8)
[INFO] 21:17:53:310 Team/(17226:17240): Llego el sgte mensaje: APPEARED_POKEMON, de la especie Gengar en las coordenadas (6, 6)
[INFO] 21:17:58:375 Team/(17226:17240): Llego el sgte mensaje: APPEARED_POKEMON, de la especie Squirtle en las coordenadas (5, 5)
[INFO] 21:18:03:412 Team/(17226:17240): Llego el sgte mensaje: APPEARED_POKEMON, de la especie Umbreon en las coordenadas (10, 6)
[INFO] 21:18:03:414 Team/(17226:17237): El entrenador 2 pasa a Ready por ser el mas cercano a Umbreon
[INFO] 21:18:03:417 Team/(17226:17238): El entrenador 2 pasó a ejecutar
[INFO] 21:18:03:417 Team/(17226:17229): El entrenador 2 se mueve a atrapar a Umbreon a la posicion (10, 6)
[INFO] 21:18:08:421 Team/(17226:17229): El entrenador de id 2 fue desalojado y paso a Ready
[INFO] 21:18:08:421 Team/(17226:17238): El entrenador 2 pasó a ejecutar
[INFO] 21:18:08:445 Team/(17226:17240): Llego el sgte mensaje: APPEARED_POKEMON, de la especie Espeon en las coordenadas (7, 1)
[INFO] 21:18:08:445 Team/(17226:17237): El entrenador 3 pasa a Ready por ser el mas cercano a Espeon
[INFO] 21:18:13:434 Team/(17226:17229): El entrenador de id 2 fue desalojado y paso a Ready
[INFO] 21:18:13:434 Team/(17226:17238): El entrenador 3 pasó a ejecutar
[INFO] 21:18:13:435 Team/(17226:17230): El entrenador 3 se mueve a atrapar a Espeon a la posicion (7, 1)
[INFO] 21:18:13:477 Team/(17226:17240): Llego el sgte mensaje: APPEARED_POKEMON, de la especie Vaporeon en las coordenadas (4, 10)
[INFO] 21:18:13:477 Team/(17226:17237): El entrenador 4 pasa a Ready por ser el mas cercano a Vaporeon
[DEBUG] 21:18:18:352 Team/(17226:17242): Llego el sgte mensaje: CAUGHT_POKEMON, id correlativo --> 41 y status 0
[INFO] 21:18:18:439 Team/(17226:17230): El entrenador de id 3 fue desalojado y paso a Ready
[INFO] 21:18:18:440 Team/(17226:17238): El entrenador 2 pasó a ejecutar
[INFO] 21:18:23:441 Team/(17226:17229): El entrenador de id 2 fue desalojado y paso a Ready
[INFO] 21:18:23:442 Team/(17226:17238): El entrenador 4 pasó a ejecutar
[INFO] 21:18:23:442 Team/(17226:17231): El entrenador 4 se mueve a atrapar a Vaporeon a la posicion (4, 10)
[INFO] 21:18:28:444 Team/(17226:17231): El entrenador de id 4 fue desalojado y paso a Ready
[INFO] 21:18:28:444 Team/(17226:17238): El entrenador 3 pasó a ejecutar
[INFO] 21:18:33:451 Team/(17226:17230): El entrenador de id 3 fue desalojado y paso a Ready
[INFO] 21:18:33:451 Team/(17226:17238): El entrenador 2 pasó a ejecutar
[INFO] 21:18:38:452 Team/(17226:17229): El entrenador de id 2 fue desalojado y paso a Ready
[INFO] 21:18:38:452 Team/(17226:17238): El entrenador 4 pasó a ejecutar
[DEBUG] 21:18:43:452 Team/(17226:17242): Llego el sgte mensaje: CAUGHT_POKEMON, id correlativo --> 43 y status 0
[INFO] 21:18:43:453 Team/(17226:17231): El entrenador de id 4 fue desalojado y paso a Ready
[INFO] 21:18:43:453 Team/(17226:17238): El entrenador 3 pasó a ejecutar
[INFO] 21:18:48:456 Team/(17226:17230): El entrenador de id 3 fue desalojado y paso a Ready
[INFO] 21:18:48:456 Team/(17226:17238): El entrenador 2 pasó a ejecutar
[INFO] 21:18:48:469 Team/(17226:17229): El entrenador 2 hizo el pedido de catch pokemon para Umbreon en la posicion (10 ,6)
[INFO] 21:18:48:469 Team/(17226:17229): Confirmada recepcion del pedido CATCH para el pokemon: Umbreon
[INFO] 21:18:48:470 Team/(17226:17229): El entrenador 2 esta bloqueado esperando que llegue mensaje Caught
[DEBUG] 21:18:48:492 Team/(17226:17242): Llego el sgte mensaje: CAUGHT_POKEMON, id correlativo --> 45 y status 0
[INFO] 21:18:48:493 Team/(17226:17237): El entrenador 2 está bloqueado por haber alcanzado la cantidad máxima de pokemones que podía atrapar
[INFO] 21:18:48:493 Team/(17226:17238): El entrenador 4 pasó a ejecutar
[INFO] 21:18:53:472 Team/(17226:17238): El entrenador 3 pasó a ejecutar
[INFO] 21:18:53:483 Team/(17226:17230): El entrenador 3 hizo el pedido de catch pokemon para Espeon en la posicion (7 ,1)
[INFO] 21:18:53:483 Team/(17226:17230): Confirmada recepcion del pedido CATCH para el pokemon: Espeon
[INFO] 21:18:53:483 Team/(17226:17230): El entrenador 3 esta bloqueado esperando que llegue mensaje Caught
[INFO] 21:18:53:494 Team/(17226:17231): El entrenador de id 4 fue desalojado y paso a Ready
[INFO] 21:18:53:494 Team/(17226:17238): El entrenador 4 pasó a ejecutar
[DEBUG] 21:18:53:511 Team/(17226:17242): Llego el sgte mensaje: CAUGHT_POKEMON, id correlativo --> 47 y status 0
[INFO] 21:18:53:512 Team/(17226:17237): El entrenador 3 está bloqueado por haber alcanzado la cantidad máxima de pokemones que podía atrapar
[INFO] 21:18:53:525 Team/(17226:17231): El entrenador 4 hizo el pedido de catch pokemon para Vaporeon en la posicion (4 ,10)
[INFO] 21:18:53:526 Team/(17226:17231): Confirmada recepcion del pedido CATCH para el pokemon: Vaporeon
[INFO] 21:18:53:526 Team/(17226:17231): El entrenador 4 esta bloqueado esperando que llegue mensaje Caught
[DEBUG] 21:18:53:543 Team/(17226:17242): Llego el sgte mensaje: CAUGHT_POKEMON, id correlativo --> 49 y status 0
[INFO] 21:18:53:549 Team/(17226:17237): El entrenador 4 está bloqueado por haber alcanzado la cantidad máxima de pokemones que podía atrapar
[INFO] 21:18:58:541 Team/(17226:17239): La cantidad de entrenadores en deadlock es 5
[INFO] 21:18:58:542 Team/(17226:17239): Inicio del algoritmo de deteccion y resolucion de deadlock
[INFO] 21:18:58:553 Team/(17226:17239): Cantidad de deadlocks detectados: 1
[INFO] 21:18:58:556 Team/(17226:17239): El entrenador 0 pasó a la lista de listos para resolucion de deadlock
[INFO] 21:18:58:562 Team/(17226:17239): El entrenador 1 pasó a la lista de bloqueados esperando resolucion de deadlock
[INFO] 21:18:58:563 Team/(17226:17239): El entrenador 0 pasó a ejecutar
[INFO] 21:18:58:566 Team/(17226:17227): El entrenador 0 se mueve a la posicion de coordenadas (4, 6)
[INFO] 21:19:03:586 Team/(17226:17227): El entrenador de id 0 fue desalojado y paso a Ready
[INFO] 21:19:03:587 Team/(17226:17227): El entrenador 0 pasó a ejecutar
[INFO] 21:19:08:593 Team/(17226:17227): El entrenador de id 0 fue desalojado y paso a Ready
[INFO] 21:19:08:593 Team/(17226:17227): El entrenador 0 pasó a ejecutar
[INFO] 21:19:13:597 Team/(17226:17227): El entrenador de id 0 fue desalojado y paso a Ready
[INFO] 21:19:13:598 Team/(17226:17227): El entrenador 0 pasó a ejecutar
[INFO] 21:19:18:601 Team/(17226:17227): El entrenador de id 0 fue desalojado y paso a Ready
[INFO] 21:19:18:601 Team/(17226:17227): El entrenador 0 pasó a ejecutar
[INFO] 21:19:23:606 Team/(17226:17227): El entrenador de id 0 fue desalojado y paso a Ready
[INFO] 21:19:23:606 Team/(17226:17227): El entrenador 0 pasó a ejecutar
[DEBUG] 21:19:28:520 Team/(17226:17242): Llego el sgte mensaje: CAUGHT_POKEMON, id correlativo --> 51 y status 0
[INFO] 21:19:28:623 Team/(17226:17227): El entrenador de id 0 fue desalojado y paso a Ready
[INFO] 21:19:28:623 Team/(17226:17227): El entrenador 0 pasó a ejecutar
[INFO] 21:19:28:623 Team/(17226:17227): El entrenador de id 0 llegó a la posicion del entrenador de id 1
[INFO] 21:19:33:625 Team/(17226:17227): El entrenador de id 0 fue desalojado y paso a Ready
[INFO] 21:19:33:625 Team/(17226:17227): El entrenador 0 pasó a ejecutar
[INFO] 21:19:38:627 Team/(17226:17227): El entrenador de id 0 fue desalojado y paso a Ready
[INFO] 21:19:38:627 Team/(17226:17227): El entrenador 0 pasó a ejecutar
[INFO] 21:19:43:629 Team/(17226:17227): El entrenador de id 0 fue desalojado y paso a Ready
[INFO] 21:19:43:629 Team/(17226:17227): El entrenador 0 pasó a ejecutar
[INFO] 21:19:48:635 Team/(17226:17227): El entrenador de id 0 fue desalojado y paso a Ready
[INFO] 21:19:48:635 Team/(17226:17227): El entrenador 0 pasó a ejecutar
[INFO] 21:19:53:649 Team/(17226:17227): El entrenador de id 0 fue desalojado y paso a Ready
[INFO] 21:19:53:649 Team/(17226:17227): El entrenador 0 pasó a ejecutar
[INFO] 21:19:53:649 Team/(17226:17227): Se va a realizar un intercambio entre el entrenador 0 y 1
[INFO] 21:19:53:654 Team/(17226:17227): Se intercambiaron los pokemones Jolteon y Flareon entre los entrenadores 0 y 1
[INFO] 21:19:53:657 Team/(17226:17239): Luego de hacer un intercambio el entrenador 0 paso a la lista de bloqueados con cantidad maxima
[INFO] 21:19:53:660 Team/(17226:17228): El entrenador 1 finalizo
[INFO] 21:19:53:664 Team/(17226:17239): La cantidad de entrenadores en deadlock es 4
[INFO] 21:19:53:665 Team/(17226:17239): El entrenador 2 pasó a la lista de listos para resolucion de deadlock
[INFO] 21:19:53:666 Team/(17226:17239): El entrenador 3 pasó a la lista de bloqueados esperando resolucion de deadlock
[INFO] 21:19:53:666 Team/(17226:17239): El entrenador 2 pasó a ejecutar
[INFO] 21:19:53:668 Team/(17226:17229): El entrenador 2 se mueve a la posicion de coordenadas (7, 1)
[INFO] 21:19:58:670 Team/(17226:17229): El entrenador de id 2 fue desalojado y paso a Ready
[INFO] 21:19:58:670 Team/(17226:17229): El entrenador 2 pasó a ejecutar
[INFO] 21:20:03:681 Team/(17226:17229): El entrenador de id 2 fue desalojado y paso a Ready
[INFO] 21:20:03:681 Team/(17226:17229): El entrenador 2 pasó a ejecutar
[INFO] 21:20:08:724 Team/(17226:17229): El entrenador de id 2 fue desalojado y paso a Ready
[INFO] 21:20:08:729 Team/(17226:17229): El entrenador 2 pasó a ejecutar
[INFO] 21:20:13:733 Team/(17226:17229): El entrenador de id 2 fue desalojado y paso a Ready
[INFO] 21:20:13:733 Team/(17226:17229): El entrenador 2 pasó a ejecutar
[INFO] 21:20:18:735 Team/(17226:17229): El entrenador de id 2 fue desalojado y paso a Ready
[INFO] 21:20:18:735 Team/(17226:17229): El entrenador 2 pasó a ejecutar
[INFO] 21:20:23:736 Team/(17226:17229): El entrenador de id 2 fue desalojado y paso a Ready
[INFO] 21:20:23:737 Team/(17226:17229): El entrenador 2 pasó a ejecutar
[INFO] 21:20:28:747 Team/(17226:17229): El entrenador de id 2 fue desalojado y paso a Ready
[INFO] 21:20:28:748 Team/(17226:17229): El entrenador 2 pasó a ejecutar
[INFO] 21:20:33:751 Team/(17226:17229): El entrenador de id 2 fue desalojado y paso a Ready
[INFO] 21:20:33:752 Team/(17226:17229): El entrenador 2 pasó a ejecutar
[INFO] 21:20:33:752 Team/(17226:17229): El entrenador de id 2 llegó a la posicion del entrenador de id 3
[INFO] 21:20:38:759 Team/(17226:17229): El entrenador de id 2 fue desalojado y paso a Ready
[INFO] 21:20:38:759 Team/(17226:17229): El entrenador 2 pasó a ejecutar
[INFO] 21:20:43:761 Team/(17226:17229): El entrenador de id 2 fue desalojado y paso a Ready
[INFO] 21:20:43:761 Team/(17226:17229): El entrenador 2 pasó a ejecutar
[INFO] 21:20:48:763 Team/(17226:17229): El entrenador de id 2 fue desalojado y paso a Ready
[INFO] 21:20:48:764 Team/(17226:17229): El entrenador 2 pasó a ejecutar
[INFO] 21:20:53:765 Team/(17226:17229): El entrenador de id 2 fue desalojado y paso a Ready
[INFO] 21:20:53:766 Team/(17226:17229): El entrenador 2 pasó a ejecutar
[INFO] 21:20:58:921 Team/(17226:17229): El entrenador de id 2 fue desalojado y paso a Ready
[INFO] 21:20:58:923 Team/(17226:17229): El entrenador 2 pasó a ejecutar
[INFO] 21:20:58:923 Team/(17226:17229): Se va a realizar un intercambio entre el entrenador 2 y 3
[INFO] 21:20:58:929 Team/(17226:17229): Se intercambiaron los pokemones Umbreon y Espeon entre los entrenadores 2 y 3
[INFO] 21:20:58:930 Team/(17226:17239): Luego de hacer un intercambio el entrenador 2 paso a la lista de bloqueados con cantidad maxima
[INFO] 21:20:58:931 Team/(17226:17230): El entrenador 3 finalizo
[INFO] 21:20:58:932 Team/(17226:17239): La cantidad de entrenadores en deadlock es 3
[INFO] 21:20:58:932 Team/(17226:17239): El entrenador 4 pasó a la lista de listos para resolucion de deadlock
[INFO] 21:20:58:934 Team/(17226:17239): El entrenador 0 pasó a la lista de bloqueados esperando resolucion de deadlock
[INFO] 21:20:58:934 Team/(17226:17239): El entrenador 4 pasó a ejecutar
[INFO] 21:20:58:935 Team/(17226:17231): El entrenador 4 se mueve a la posicion de coordenadas (4, 6)
[INFO] 21:21:03:937 Team/(17226:17231): El entrenador de id 4 fue desalojado y paso a Ready
[INFO] 21:21:03:937 Team/(17226:17231): El entrenador 4 pasó a ejecutar
[INFO] 21:21:08:943 Team/(17226:17231): El entrenador de id 4 fue desalojado y paso a Ready
[INFO] 21:21:08:943 Team/(17226:17231): El entrenador 4 pasó a ejecutar
[INFO] 21:21:13:950 Team/(17226:17231): El entrenador de id 4 fue desalojado y paso a Ready
[INFO] 21:21:13:951 Team/(17226:17231): El entrenador 4 pasó a ejecutar
[INFO] 21:21:18:952 Team/(17226:17231): El entrenador de id 4 fue desalojado y paso a Ready
[INFO] 21:21:18:952 Team/(17226:17231): El entrenador 4 pasó a ejecutar
[INFO] 21:21:18:955 Team/(17226:17231): El entrenador de id 4 llegó a la posicion del entrenador de id 0
[INFO] 21:21:23:959 Team/(17226:17231): El entrenador de id 4 fue desalojado y paso a Ready
[INFO] 21:21:23:959 Team/(17226:17231): El entrenador 4 pasó a ejecutar
[INFO] 21:21:28:965 Team/(17226:17231): El entrenador de id 4 fue desalojado y paso a Ready
[INFO] 21:21:28:965 Team/(17226:17231): El entrenador 4 pasó a ejecutar
[INFO] 21:21:33:996 Team/(17226:17231): El entrenador de id 4 fue desalojado y paso a Ready
[INFO] 21:21:33:996 Team/(17226:17231): El entrenador 4 pasó a ejecutar
[INFO] 21:21:38:0 Team/(17226:17231): El entrenador de id 4 fue desalojado y paso a Ready
[INFO] 21:21:38:0 Team/(17226:17231): El entrenador 4 pasó a ejecutar
[INFO] 21:21:44:5 Team/(17226:17231): El entrenador de id 4 fue desalojado y paso a Ready
[INFO] 21:21:44:5 Team/(17226:17231): El entrenador 4 pasó a ejecutar
[INFO] 21:21:44:5 Team/(17226:17231): Se va a realizar un intercambio entre el entrenador 4 y 0
[INFO] 21:21:44:7 Team/(17226:17231): Se intercambiaron los pokemones Vaporeon y Flareon entre los entrenadores 4 y 0
[INFO] 21:21:44:8 Team/(17226:17239): Luego de hacer un intercambio el entrenador 4 paso a la lista de bloqueados con cantidad maxima
[INFO] 21:21:44:9 Team/(17226:17227): El entrenador 0 finalizo
[INFO] 21:21:44:9 Team/(17226:17239): La cantidad de entrenadores en deadlock es 2
[INFO] 21:21:44:10 Team/(17226:17239): El entrenador 2 pasó a la lista de listos para resolucion de deadlock
[INFO] 21:21:44:11 Team/(17226:17239): El entrenador 4 pasó a la lista de bloqueados esperando resolucion de deadlock
[INFO] 21:21:44:11 Team/(17226:17239): El entrenador 2 pasó a ejecutar
[INFO] 21:21:44:12 Team/(17226:17229): El entrenador 2 se mueve a la posicion de coordenadas (4, 6)
[INFO] 21:21:49:14 Team/(17226:17229): El entrenador de id 2 fue desalojado y paso a Ready
[INFO] 21:21:49:15 Team/(17226:17229): El entrenador 2 pasó a ejecutar
[INFO] 21:21:54:21 Team/(17226:17229): El entrenador de id 2 fue desalojado y paso a Ready
[INFO] 21:21:54:21 Team/(17226:17229): El entrenador 2 pasó a ejecutar
[INFO] 21:21:59:22 Team/(17226:17229): El entrenador de id 2 fue desalojado y paso a Ready
[INFO] 21:21:59:23 Team/(17226:17229): El entrenador 2 pasó a ejecutar
[INFO] 21:22:04:24 Team/(17226:17229): El entrenador de id 2 fue desalojado y paso a Ready
[INFO] 21:22:04:25 Team/(17226:17229): El entrenador 2 pasó a ejecutar
[INFO] 21:22:09:27 Team/(17226:17229): El entrenador de id 2 fue desalojado y paso a Ready
[INFO] 21:22:09:27 Team/(17226:17229): El entrenador 2 pasó a ejecutar
[INFO] 21:22:14:29 Team/(17226:17229): El entrenador de id 2 fue desalojado y paso a Ready
[INFO] 21:22:14:29 Team/(17226:17229): El entrenador 2 pasó a ejecutar
[INFO] 21:22:19:31 Team/(17226:17229): El entrenador de id 2 fue desalojado y paso a Ready
[INFO] 21:22:19:31 Team/(17226:17229): El entrenador 2 pasó a ejecutar
[INFO] 21:22:24:32 Team/(17226:17229): El entrenador de id 2 fue desalojado y paso a Ready
[INFO] 21:22:24:32 Team/(17226:17229): El entrenador 2 pasó a ejecutar
[INFO] 21:22:24:33 Team/(17226:17229): El entrenador de id 2 llegó a la posicion del entrenador de id 4
[INFO] 21:22:29:37 Team/(17226:17229): El entrenador de id 2 fue desalojado y paso a Ready
[INFO] 21:22:29:37 Team/(17226:17229): El entrenador 2 pasó a ejecutar
[INFO] 21:22:34:39 Team/(17226:17229): El entrenador de id 2 fue desalojado y paso a Ready
[INFO] 21:22:34:39 Team/(17226:17229): El entrenador 2 pasó a ejecutar
[INFO] 21:22:39:44 Team/(17226:17229): El entrenador de id 2 fue desalojado y paso a Ready
[INFO] 21:22:39:45 Team/(17226:17229): El entrenador 2 pasó a ejecutar
[INFO] 21:22:44:56 Team/(17226:17229): El entrenador de id 2 fue desalojado y paso a Ready
[INFO] 21:22:44:57 Team/(17226:17229): El entrenador 2 pasó a ejecutar
[INFO] 21:22:49:57 Team/(17226:17229): El entrenador de id 2 fue desalojado y paso a Ready
[INFO] 21:22:49:58 Team/(17226:17229): El entrenador 2 pasó a ejecutar
[INFO] 21:22:49:58 Team/(17226:17229): Se va a realizar un intercambio entre el entrenador 2 y 4
[INFO] 21:22:49:59 Team/(17226:17229): Se intercambiaron los pokemones Espeon y Flareon entre los entrenadores 2 y 4
[INFO] 21:22:49:61 Team/(17226:17231): El entrenador 4 finalizo
[INFO] 21:22:49:62 Team/(17226:17229): El entrenador 2 finalizo
[INFO] 21:22:49:66 Team/(17226:17239): La cantidad de ciclos de CPU totales es: 65
[INFO] 21:22:49:66 Team/(17226:17239): La cantidad de cambios de contextos realizados es: 79
[INFO] 21:22:49:67 Team/(17226:17239): La cantidad de ciclos de CPU realizados por el entrenador 1 es: 4
[INFO] 21:22:49:67 Team/(17226:17239): La cantidad de ciclos de CPU realizados por el entrenador 3 es: 4
[INFO] 21:22:49:68 Team/(17226:17239): La cantidad de ciclos de CPU realizados por el entrenador 0 es: 13
[INFO] 21:22:49:68 Team/(17226:17239): La cantidad de ciclos de CPU realizados por el entrenador 2 es: 31
[INFO] 21:22:49:68 Team/(17226:17239): La cantidad de ciclos de CPU realizados por el entrenador 4 es: 13
[INFO] 21:22:49:69 Team/(17226:17239): La cantidad de deadlocks producidos es: 1
[INFO] 21:22:49:69 Team/(17226:17239): La cantidad de deadlocks resueltos es: 1
