---------------------------------------------------------------------------------------------------------------------------------------------------------------
Dump 18/07/2020 15:58:57
Particion 0: 0x9bedff0 - 0x9bedffb.    [L]    Size: 11b   LRU: 1665819745     Cola: (null)    ID: 134535435
Particion 1: 0x9bedffb - 0x9bee006.    [L]    Size: 11b   LRU: 1665820757     Cola: (null)    ID: 134535435
Particion 2: 0x9bee006 - 0x9bee011.    [L]    Size: 11b   LRU: 1665821767     Cola: (null)    ID: 134535435
Particion 3: 0x9bee011 - 0x9bee01c.    [L]    Size: 11b   LRU: 1665822778     Cola: (null)    ID: 134535435
Particion 4: 0x9bee01c - 0x9bee027.    [L]    Size: 11b   LRU: 1665823792     Cola: (null)    ID: 134535435
Particion 5: 0x494e52b7 - 0x9bee030.    [X]    Size: 9b   LRU: 0     Cola: NO_ASIGNADA    ID: 0
-----------------------------------------------------------------------------------------------------------------------------------------------------------------
---------------------------------------------------------------------------------------------------------------------------------------------------------------
Dump 18/07/2020 16:02:27
Particion 0: 0x989aff0 - 0x989affb.    [L]    Size: 11b   LRU: 1666063507     Cola: (null)    ID: 134535435
Particion 1: 0x989affb - 0x989b006.    [L]    Size: 11b   LRU: 1666064517     Cola: (null)    ID: 134535435
Particion 2: 0x989b006 - 0x989b011.    [L]    Size: 11b   LRU: 1666065526     Cola: (null)    ID: 134535435
Particion 3: 0x989b011 - 0x989b01c.    [L]    Size: 11b   LRU: 1666066538     Cola: (null)    ID: 134535435
Particion 4: 0x989b01c - 0x989b027.    [L]    Size: 11b   LRU: 1666067547     Cola: (null)    ID: 134535435
Particion 5: 0x494e52b7 - 0x989b030.    [X]    Size: 9b   LRU: 0     Cola: NO_ASIGNADA    ID: 0
-----------------------------------------------------------------------------------------------------------------------------------------------------------------
---------------------------------------------------------------------------------------------------------------------------------------------------------------
Dump 18/07/2020 16:17:04
Particion 0: 0x888aff0 - 0x888affb.    [L]    Size: 11b   LRU: 1666941473     Cola: (null)    ID: 143179288
Particion 1: 0x888affb - 0x888b006.    [L]    Size: 11b   LRU: 1666942488     Cola: (null)    ID: 143174272
Particion 2: 0x888b006 - 0x888b011.    [L]    Size: 11b   LRU: 1666943502     Cola: (null)    ID: 143174456
Particion 3: 0x888b011 - 0x888b01c.    [L]    Size: 11b   LRU: 1666944512     Cola: (null)    ID: 143172936
Particion 4: 0x888b01c - 0x888b027.    [L]    Size: 11b   LRU: 1666945550     Cola: (null)    ID: 143175736
Particion 5: 0x4e4f4d45 - 0x888b030.    [X]    Size: 9b
-----------------------------------------------------------------------------------------------------------------------------------------------------------------
---------------------------------------------------------------------------------------------------------------------------------------------------------------
Dump 18/07/2020 16:21:33
Particion 0: 0x9182ff0 - 0x9182ffb.    [L]    Size: 11b   LRU: 1667200467     Cola: (null)    ID: 134535365
Particion 1: 0x9182ffb - 0x9183006.    [L]    Size: 11b   LRU: 1667201464     Cola: (null)    ID: 134535365
Particion 2: 0x9183006 - 0x9183011.    [L]    Size: 11b   LRU: 1667202473     Cola: (null)    ID: 134535365
Particion 3: 0x9183011 - 0x918301c.    [L]    Size: 11b   LRU: 1667203480     Cola: (null)    ID: 134535365
Particion 4: 0x918301c - 0x9183027.    [L]    Size: 11b   LRU: 1667204497     Cola: (null)    ID: 134535365
Particion 5: 0x1000 - 0x9183030.    [X]    Size: 9b
-----------------------------------------------------------------------------------------------------------------------------------------------------------------
---------------------------------------------------------------------------------------------------------------------------------------------------------------
Dump 18/07/2020 16:34:55
---------------------------------------------------------------------------------------------------------------------------------------------------------------
Dump 18/07/2020 16:39:22
---------------------------------------------------------------------------------------------------------------------------------------------------------------
Dump 18/07/2020 16:42:15
Particion 0: 0x4241e18 - 0x4241e23.    [L]    Size: 11b    LRU: 1668457219    Cola: GET_POKEMON    ID: 0
Particion 1: 0x4241e23 - 0x4241e2e.    [L]    Size: 11b    LRU: 1668458221    Cola: GET_POKEMON    ID: 1
Particion 2: 0x4241e2e - 0x4241e39.    [L]    Size: 11b    LRU: 1668459231    Cola: GET_POKEMON    ID: 2
Particion 3: 0x4241e39 - 0x4241e44.    [L]    Size: 11b    LRU: 1668460242    Cola: GET_POKEMON    ID: 3
Particion 4: 0x4241e44 - 0x4241e4f.    [L]    Size: 11b    LRU: 1668461250    Cola: GET_POKEMON    ID: 4
Particion 5: (nil) - 0x4241e58.    [X]    Size: 9b
-----------------------------------------------------------------------------------------------------------------------------------------------------------------
---------------------------------------------------------------------------------------------------------------------------------------------------------------
Dump 18/07/2020 16:45:05
Particion 0: 0x4241df8 - 0x4241e03.    [L]    Size: 11b    LRU: 1668606350    Cola: GET_POKEMON    ID: 0
Particion 1: 0x4241e03 - 0x4241e0e.    [L]    Size: 11b    LRU: 1668607350    Cola: GET_POKEMON    ID: 1
Particion 2: 0x4241e0e - 0x4241e19.    [L]    Size: 11b    LRU: 1668608344    Cola: GET_POKEMON    ID: 2
Particion 3: 0x4241e19 - 0x4241e24.    [L]    Size: 11b    LRU: 1668609345    Cola: GET_POKEMON    ID: 3
Particion 4: 0x4241e24 - 0x4241e2f.    [L]    Size: 11b    LRU: 1668610352    Cola: GET_POKEMON    ID: 4
Particion 5: (nil) - 0x4241e38.    [X]    Size: 9b
-----------------------------------------------------------------------------------------------------------------------------------------------------------------
---------------------------------------------------------------------------------------------------------------------------------------------------------------
Dump 18/07/2020 16:48:09
Particion 0: 0x4241e18 - 0x4241e23.    [X]    Size: 11b    LRU: 1668805226    Cola: GET_POKEMON    ID: 0
Particion 1: 0x4241e23 - 0x4241e2e.    [X]    Size: 11b    LRU: 1668806238    Cola: GET_POKEMON    ID: 1
Particion 2: 0x4241e2e - 0x4241e39.    [X]    Size: 11b    LRU: 1668807247    Cola: GET_POKEMON    ID: 2
Particion 3: 0x4241e39 - 0x4241e44.    [X]    Size: 11b    LRU: 1668808254    Cola: GET_POKEMON    ID: 3
Particion 4: 0x4241e44 - 0x4241e4f.    [X]    Size: 11b    LRU: 1668809283    Cola: GET_POKEMON    ID: 4
Particion 5: (nil) - 0x9.    [L]    Size: 9b
-----------------------------------------------------------------------------------------------------------------------------------------------------------------
---------------------------------------------------------------------------------------------------------------------------------------------------------------
Dump 18/07/2020 16:51:03
Particion 0: 0x4241e18 - 0x4241e23.    [X]    Size: 11b    LRU: 1668970291    Cola: GET_POKEMON    ID: 0
Particion 1: 0x4241e23 - 0x4241e2e.    [X]    Size: 11b    LRU: 1668971300    Cola: GET_POKEMON    ID: 1
Particion 2: 0x4241e2e - 0x4241e39.    [X]    Size: 11b    LRU: 1668972299    Cola: GET_POKEMON    ID: 2
Particion 3: 0x4241e39 - 0x4241e44.    [X]    Size: 11b    LRU: 1668973307    Cola: GET_POKEMON    ID: 3
Particion 4: 0x4241e44 - 0x4241e4f.    [X]    Size: 11b    LRU: 1668974321    Cola: GET_POKEMON    ID: 4
Particion 5: 0x4241e4f - 0x4241e58.    [L]    Size: 9b
-----------------------------------------------------------------------------------------------------------------------------------------------------------------
---------------------------------------------------------------------------------------------------------------------------------------------------------------
Dump 23/07/2020 13:56:35
Particion 0: 0x423d548 - 0x423d55c.    [X]    Size: 20b    LRU: 2090442006    Cola: CATCH_POKEMON    ID: 3
Particion 1: 0x423d55c - 0x423d56c.    [X]    Size: 16b    LRU: 2090442569    Cola: CATCH_POKEMON    ID: 4
Particion 2: 0x423d56c - 0x423d582.    [X]    Size: 22b    LRU: 2090466286    Cola: CATCH_POKEMON    ID: 5
Particion 3: 0x423d582 - 0x423d588.    [L]    Size: 6b
-----------------------------------------------------------------------------------------------------------------------------------------------------------------


---------------------------------------------------------------------------------------------------------------------------------------------------------------
Dump 23/07/2020 14:03:49
Particion 0: 0x423d548 - 0x423d55c.    [X]    Size: 20b    LRU: 2090934480    Cola: CATCH_POKEMON    ID: 3
Particion 1: 0x423d55c - 0x423d56c.    [X]    Size: 16b    LRU: 2090934722    Cola: CATCH_POKEMON    ID: 4
Particion 2: 0x423d56c - 0x423d582.    [X]    Size: 22b    LRU: 2090956633    Cola: CATCH_POKEMON    ID: 5
Particion 3: 0x423d582 - 0x423d588.    [L]    Size: 6b
-----------------------------------------------------------------------------------------------------------------------------------------------------------------


---------------------------------------------------------------------------------------------------------------------------------------------------------------
Dump 23/07/2020 14:08:54
Particion 0: 0x423d548 - 0x423d55c.    [X]    Size: 20b    LRU: 2091232362    Cola: CATCH_POKEMON    ID: 3
Particion 1: 0x423d55c - 0x423d56c.    [X]    Size: 16b    LRU: 2091232690    Cola: CATCH_POKEMON    ID: 4
Particion 2: 0x423d56c - 0x423d582.    [X]    Size: 22b    LRU: 2091255364    Cola: CATCH_POKEMON    ID: 5
Particion 3: 0x423d582 - 0x423d588.    [L]    Size: 6b
-----------------------------------------------------------------------------------------------------------------------------------------------------------------


---------------------------------------------------------------------------------------------------------------------------------------------------------------
Dump 23/07/2020 14:12:10
Particion 0: 0x423d548 - 0x423d55c.    [X]    Size: 20b    LRU: 2091434109    Cola: CATCH_POKEMON    ID: 3
Particion 1: 0x423d55c - 0x423d56c.    [X]    Size: 16b    LRU: 2091434422    Cola: CATCH_POKEMON    ID: 4
Particion 2: 0x423d56c - 0x423d582.    [X]    Size: 22b    LRU: 2091456600    Cola: CATCH_POKEMON    ID: 5
Particion 3: 0x423d582 - 0x423d588.    [L]    Size: 6b
-----------------------------------------------------------------------------------------------------------------------------------------------------------------


