[INFO] 21:37:26:985 Broker/(5507:5507): *************** INICIANDO EJECUCION DE BROKER ***************
[DEBUG] 21:37:27:243 Broker/(5507:5507): 1) Cache de mensajes lista!!!
[DEBUG] 21:37:27:280 Broker/(5507:5507): 2) Inicializando archivo de configuracion...
[INFO] 21:37:27:741 Broker/(5507:5507): Cargando el archivo de configuracion...
[DEBUG] 21:37:27:863 Broker/(5507:5507): El tamaño inicial de memoria: 512
[DEBUG] 21:37:27:890 Broker/(5507:5507): El tamaño minimo de particion: 4
[DEBUG] 21:37:27:912 Broker/(5507:5507): El algoritmo de memoria es: PARTICIONES
[DEBUG] 21:37:27:930 Broker/(5507:5507): El algoritmo de reemplazo es: FIFO
[DEBUG] 21:37:27:956 Broker/(5507:5507): El algoritmo para particiones libre es: FF
[DEBUG] 21:37:27:979 Broker/(5507:5507): la ip del broker es: 127.0.0.1
[DEBUG] 21:37:27:998 Broker/(5507:5507): el puerto del broker es: 5002
[DEBUG] 21:37:28:27 Broker/(5507:5507): La frecuencia de compactacion es: 10
[DEBUG] 21:37:28:54 Broker/(5507:5507): El log file es: Broker.log
[INFO] 21:37:28:73 Broker/(5507:5507): Archivo de configuracion cargado...
[DEBUG] 21:37:28:230 Broker/(5507:5507): 3) Configuraciones cargadas correctamente!!!
[DEBUG] 21:37:28:252 Broker/(5507:5507): 4) Configurando signals...
[DEBUG] 21:37:28:306 Broker/(5507:5507): 5) Signals configuradas correctamente!!!
[DEBUG] 21:37:28:321 Broker/(5507:5507): 6) Inicializando cache de mensajes...
[DEBUG] 21:37:28:729 Broker/(5507:5507): la direccion de memoria en memoria l51 es: 69471304 
[DEBUG] 21:37:28:811 Broker/(5507:5507): Se asigno la memoria inicial
[DEBUG] 21:37:28:860 Broker/(5507:5507): La direccion inicial de memoria es: 0x4241d58
[DEBUG] 21:37:28:887 Broker/(5507:5507): Particion de memoria inicial creada con: 512 

[DEBUG] 21:37:28:914 Broker/(5507:5507): 7) Iniciando servidor...
[DEBUG] 21:37:29:46 Broker/(5507:5507): 8) Intentando bindear sever...
[DEBUG] 21:37:29:96 Broker/(5507:5507): 9) Server bindeado correctamente!!!
[DEBUG] 21:37:29:139 Broker/(5507:5507): 10) Hilo del servidor cargado correctamente!!!
[INFO] 21:39:02:988 Broker/(5507:5571): Se aceptó un nuevo proceso en el socket 5
[DEBUG] 21:39:03:36 Broker/(5507:5571): Mensaje Recibido:
[DEBUG] 21:39:03:70 Broker/(5507:5571): operacion: 0 
[DEBUG] 21:39:03:86 Broker/(5507:5571): cola_de_mensajes: 3 
[DEBUG] 21:39:03:108 Broker/(5507:5571): id_correlacional: -1  
[DEBUG] 21:39:03:122 Broker/(5507:5571): id_mensaje: -1 
[DEBUG] 21:39:03:137 Broker/(5507:5571): id_cliente: 12332 
[DEBUG] 21:39:03:147 Broker/(5507:5571): tamanio_payload: 11 
[INFO] 21:39:03:158 Broker/(5507:5571): El cliente 12332 envió un mensaje para la cola 3 a través de socket 5
[DEBUG] 21:39:03:190 Broker/(5507:5571): Nueva peticion de memoria de: 11
[DEBUG] 21:39:03:232 Broker/(5507:5571): Particiones dinamicas
[DEBUG] 21:39:03:244 Broker/(5507:5571): Alojar: 11
[DEBUG] 21:39:03:250 Broker/(5507:5571): Se hace una particion de: 11 
[DEBUG] 21:39:03:303 Broker/(5507:5571): Ejecutando Algoritmo de Particion Libre FF
[DEBUG] 21:39:03:336 Broker/(5507:5571): Best Fit
[DEBUG] 21:39:03:395 Broker/(5507:5571): El id malo es: 1
[DEBUG] 21:39:03:407 Broker/(5507:5571): Por particionar el bloque, ya encontre mi bloque adecuado
[DEBUG] 21:39:03:421 Broker/(5507:5571): Indice a particionar 0
[DEBUG] 21:39:03:429 Broker/(5507:5571): Por particionar...
[INFO] 21:39:03:471 Broker/(5507:5571): Almacenado mensaje en la posicion real 0x4241d58
[INFO] 21:39:03:518 Broker/(5507:5571): Almacenado en la posicion relativa (nil)
[DEBUG] 21:39:03:533 Broker/(5507:5571): Bloque particionado...
[DEBUG] 21:39:03:546 Broker/(5507:5571): Ya ejecute best fit
[DEBUG] 21:39:03:557 Broker/(5507:5571): Algoritmo de particion libre ejecutado!
[DEBUG] 21:39:03:573 Broker/(5507:5571): Aloje la nueva particion , PD
[INFO] 21:39:42:610 Broker/(5507:5507):  Broker DEJA DE FUNCIONAR 
[INFO] 21:39:42:624 Broker/(5507:5507): Chau!
[INFO] 21:41:35:254 Broker/(5630:5630): *************** INICIANDO EJECUCION DE BROKER ***************
[DEBUG] 21:41:36:452 Broker/(5630:5630): 1) Cache de mensajes lista!!!
[DEBUG] 21:41:36:476 Broker/(5630:5630): 2) Inicializando archivo de configuracion...
[INFO] 21:41:36:622 Broker/(5630:5630): Cargando el archivo de configuracion...
[DEBUG] 21:41:36:716 Broker/(5630:5630): El tamaño inicial de memoria: 512
[DEBUG] 21:41:36:744 Broker/(5630:5630): El tamaño minimo de particion: 4
[DEBUG] 21:41:36:774 Broker/(5630:5630): El algoritmo de memoria es: PARTICIONES
[DEBUG] 21:41:36:803 Broker/(5630:5630): El algoritmo de reemplazo es: FIFO
[DEBUG] 21:41:36:829 Broker/(5630:5630): El algoritmo para particiones libre es: FF
[DEBUG] 21:41:36:851 Broker/(5630:5630): la ip del broker es: 127.0.0.1
[DEBUG] 21:41:36:873 Broker/(5630:5630): el puerto del broker es: 5002
[DEBUG] 21:41:36:889 Broker/(5630:5630): La frecuencia de compactacion es: 10
[DEBUG] 21:41:36:910 Broker/(5630:5630): El log file es: Broker.log
[INFO] 21:41:36:920 Broker/(5630:5630): Archivo de configuracion cargado...
[DEBUG] 21:41:37:25 Broker/(5630:5630): 3) Configuraciones cargadas correctamente!!!
[DEBUG] 21:41:37:42 Broker/(5630:5630): 4) Configurando signals...
[DEBUG] 21:41:37:116 Broker/(5630:5630): 5) Signals configuradas correctamente!!!
[DEBUG] 21:41:37:134 Broker/(5630:5630): 6) Inicializando cache de mensajes...
[DEBUG] 21:41:37:426 Broker/(5630:5630): la direccion de memoria en memoria l51 es: 69471320 
[DEBUG] 21:41:37:459 Broker/(5630:5630): Se asigno la memoria inicial
[DEBUG] 21:41:37:488 Broker/(5630:5630): La direccion inicial de memoria es: 0x4241d68
[DEBUG] 21:41:37:509 Broker/(5630:5630): Particion de memoria inicial creada con: 512 

[DEBUG] 21:41:37:553 Broker/(5630:5630): 7) Iniciando servidor...
[DEBUG] 21:41:37:680 Broker/(5630:5630): 8) Intentando bindear sever...
[DEBUG] 21:41:37:712 Broker/(5630:5630): 9) Server bindeado correctamente!!!
[DEBUG] 21:41:37:739 Broker/(5630:5630): 10) Hilo del servidor cargado correctamente!!!
[INFO] 21:43:49:229 Broker/(5630:5740): Se aceptó un nuevo proceso en el socket 5
[DEBUG] 21:43:49:269 Broker/(5630:5740): Mensaje Recibido:
[DEBUG] 21:43:49:293 Broker/(5630:5740): operacion: 0 
[DEBUG] 21:43:49:303 Broker/(5630:5740): cola_de_mensajes: 3 
[DEBUG] 21:43:49:315 Broker/(5630:5740): id_correlacional: -1  
[DEBUG] 21:43:49:325 Broker/(5630:5740): id_mensaje: -1 
[DEBUG] 21:43:49:340 Broker/(5630:5740): id_cliente: 12332 
[DEBUG] 21:43:49:343 Broker/(5630:5740): tamanio_payload: 11 
[INFO] 21:43:49:357 Broker/(5630:5740): El cliente 12332 envió un mensaje para la cola 3 a través de socket 5
[DEBUG] 21:43:49:391 Broker/(5630:5740): Nueva peticion de memoria de: 11
[DEBUG] 21:43:49:446 Broker/(5630:5740): Particiones dinamicas
[DEBUG] 21:43:49:458 Broker/(5630:5740): Alojar: 11
[DEBUG] 21:43:49:464 Broker/(5630:5740): Se hace una particion de: 11 
[DEBUG] 21:43:49:505 Broker/(5630:5740): Ejecutando Algoritmo de Particion Libre FF
[DEBUG] 21:43:49:525 Broker/(5630:5740): Best Fit
[DEBUG] 21:43:49:558 Broker/(5630:5740): El id malo es: 1
[DEBUG] 21:43:49:573 Broker/(5630:5740): Por particionar el bloque, ya encontre mi bloque adecuado
[DEBUG] 21:43:49:582 Broker/(5630:5740): Indice a particionar 0
[DEBUG] 21:43:49:595 Broker/(5630:5740): Por particionar...
[INFO] 21:43:49:626 Broker/(5630:5740): Almacenado mensaje en la posicion real 0x4241d68
[INFO] 21:43:49:674 Broker/(5630:5740): Almacenado en la posicion relativa (nil)
[DEBUG] 21:43:49:690 Broker/(5630:5740): Bloque particionado...
[DEBUG] 21:43:49:700 Broker/(5630:5740): Ya ejecute best fit
[DEBUG] 21:43:49:710 Broker/(5630:5740): Algoritmo de particion libre ejecutado!
[DEBUG] 21:43:49:722 Broker/(5630:5740): Aloje la nueva particion , PD
[INFO] 21:43:56:270 Broker/(5630:5630):  Broker DEJA DE FUNCIONAR 
[INFO] 21:43:56:292 Broker/(5630:5630): Chau!
[INFO] 21:44:39:739 Broker/(5812:5812): *************** INICIANDO EJECUCION DE BROKER ***************
[DEBUG] 21:44:39:950 Broker/(5812:5812): 1) Cache de mensajes lista!!!
[DEBUG] 21:44:39:982 Broker/(5812:5812): 2) Inicializando archivo de configuracion...
[INFO] 21:44:40:180 Broker/(5812:5812): Cargando el archivo de configuracion...
[DEBUG] 21:44:40:263 Broker/(5812:5812): El tamaño inicial de memoria: 512
[DEBUG] 21:44:40:282 Broker/(5812:5812): El tamaño minimo de particion: 4
[DEBUG] 21:44:40:304 Broker/(5812:5812): El algoritmo de memoria es: PARTICIONES
[DEBUG] 21:44:40:335 Broker/(5812:5812): El algoritmo de reemplazo es: FIFO
[DEBUG] 21:44:40:341 Broker/(5812:5812): El algoritmo para particiones libre es: FF
[DEBUG] 21:44:40:363 Broker/(5812:5812): la ip del broker es: 127.0.0.1
[DEBUG] 21:44:40:383 Broker/(5812:5812): el puerto del broker es: 5002
[DEBUG] 21:44:40:398 Broker/(5812:5812): La frecuencia de compactacion es: 10
[DEBUG] 21:44:40:417 Broker/(5812:5812): El log file es: Broker.log
[INFO] 21:44:40:423 Broker/(5812:5812): Archivo de configuracion cargado...
[DEBUG] 21:44:40:483 Broker/(5812:5812): 3) Configuraciones cargadas correctamente!!!
[DEBUG] 21:44:40:494 Broker/(5812:5812): 4) Configurando signals...
[DEBUG] 21:44:40:535 Broker/(5812:5812): 5) Signals configuradas correctamente!!!
[DEBUG] 21:44:40:545 Broker/(5812:5812): 6) Inicializando cache de mensajes...
[DEBUG] 21:44:40:775 Broker/(5812:5812): la direccion de memoria en memoria l51 es: 69471320 
[DEBUG] 21:44:40:824 Broker/(5812:5812): Se asigno la memoria inicial
[DEBUG] 21:44:40:849 Broker/(5812:5812): La direccion inicial de memoria es: 0x4241d68
[DEBUG] 21:44:40:866 Broker/(5812:5812): Particion de memoria inicial creada con: 512 

[DEBUG] 21:44:40:900 Broker/(5812:5812): 7) Iniciando servidor...
[DEBUG] 21:44:41:17 Broker/(5812:5812): 8) Intentando bindear sever...
[DEBUG] 21:44:41:55 Broker/(5812:5812): 9) Server bindeado correctamente!!!
[DEBUG] 21:44:41:78 Broker/(5812:5812): 10) Hilo del servidor cargado correctamente!!!
[INFO] 21:44:46:56 Broker/(5812:5829): Se aceptó un nuevo proceso en el socket 5
[DEBUG] 21:44:46:114 Broker/(5812:5829): Mensaje Recibido:
[DEBUG] 21:44:46:150 Broker/(5812:5829): operacion: 0 
[DEBUG] 21:44:46:165 Broker/(5812:5829): cola_de_mensajes: 3 
[DEBUG] 21:44:46:175 Broker/(5812:5829): id_correlacional: -1  
[DEBUG] 21:44:46:184 Broker/(5812:5829): id_mensaje: -1 
[DEBUG] 21:44:46:194 Broker/(5812:5829): id_cliente: 12332 
[DEBUG] 21:44:46:203 Broker/(5812:5829): tamanio_payload: 11 
[INFO] 21:44:46:216 Broker/(5812:5829): El cliente 12332 envió un mensaje para la cola 3 a través de socket 5
[DEBUG] 21:44:46:252 Broker/(5812:5829): Nueva peticion de memoria de: 11
[DEBUG] 21:44:46:300 Broker/(5812:5829): Particiones dinamicas
[DEBUG] 21:44:46:310 Broker/(5812:5829): Alojar: 11
[DEBUG] 21:44:46:350 Broker/(5812:5829): Se hace una particion de: 11 
[DEBUG] 21:44:46:384 Broker/(5812:5829): Ejecutando Algoritmo de Particion Libre FF
[DEBUG] 21:44:46:402 Broker/(5812:5829): Best Fit
[DEBUG] 21:44:46:429 Broker/(5812:5829): El id malo es: 1
[DEBUG] 21:44:46:447 Broker/(5812:5829): Por particionar el bloque, ya encontre mi bloque adecuado
[DEBUG] 21:44:46:456 Broker/(5812:5829): Indice a particionar 0
[DEBUG] 21:44:46:468 Broker/(5812:5829): Por particionar...
[INFO] 21:44:46:497 Broker/(5812:5829): Almacenado mensaje en la posicion real 0x4241d68
[INFO] 21:44:46:544 Broker/(5812:5829): Almacenado en la posicion relativa (nil)
[DEBUG] 21:44:46:556 Broker/(5812:5829): Bloque particionado...
[DEBUG] 21:44:46:566 Broker/(5812:5829): Ya ejecute best fit
[DEBUG] 21:44:46:578 Broker/(5812:5829): Algoritmo de particion libre ejecutado!
[DEBUG] 21:44:46:588 Broker/(5812:5829): Aloje la nueva particion , PD
[INFO] 21:53:31:958 Broker/(5812:5812):  Broker DEJA DE FUNCIONAR 
[INFO] 21:53:31:975 Broker/(5812:5812): Chau!
[INFO] 21:53:33:577 Broker/(6250:6250): *************** INICIANDO EJECUCION DE BROKER ***************
[DEBUG] 21:53:35:80 Broker/(6250:6250): 1) Cache de mensajes lista!!!
[DEBUG] 21:53:35:122 Broker/(6250:6250): 2) Inicializando archivo de configuracion...
[INFO] 21:53:35:456 Broker/(6250:6250): Cargando el archivo de configuracion...
[DEBUG] 21:53:35:535 Broker/(6250:6250): El tamaño inicial de memoria: 512
[DEBUG] 21:53:35:552 Broker/(6250:6250): El tamaño minimo de particion: 4
[DEBUG] 21:53:35:580 Broker/(6250:6250): El algoritmo de memoria es: PARTICIONES
[DEBUG] 21:53:35:603 Broker/(6250:6250): El algoritmo de reemplazo es: FIFO
[DEBUG] 21:53:35:622 Broker/(6250:6250): El algoritmo para particiones libre es: FF
[DEBUG] 21:53:35:650 Broker/(6250:6250): la ip del broker es: 127.0.0.1
[DEBUG] 21:53:35:673 Broker/(6250:6250): el puerto del broker es: 5002
[DEBUG] 21:53:35:691 Broker/(6250:6250): La frecuencia de compactacion es: 10
[DEBUG] 21:53:35:711 Broker/(6250:6250): El log file es: Broker.log
[INFO] 21:53:35:729 Broker/(6250:6250): Archivo de configuracion cargado...
[DEBUG] 21:53:35:784 Broker/(6250:6250): 3) Configuraciones cargadas correctamente!!!
[DEBUG] 21:53:35:814 Broker/(6250:6250): 4) Configurando signals...
[DEBUG] 21:53:35:859 Broker/(6250:6250): 5) Signals configuradas correctamente!!!
[DEBUG] 21:53:35:878 Broker/(6250:6250): 6) Inicializando cache de mensajes...
[DEBUG] 21:53:36:128 Broker/(6250:6250): la direccion de memoria en memoria l51 es: 69471304 
[DEBUG] 21:53:36:175 Broker/(6250:6250): Se asigno la memoria inicial
[DEBUG] 21:53:36:209 Broker/(6250:6250): La direccion inicial de memoria es: 0x4241d58
[DEBUG] 21:53:36:231 Broker/(6250:6250): Particion de memoria inicial creada con: 512 

[DEBUG] 21:53:36:262 Broker/(6250:6250): 7) Iniciando servidor...
[DEBUG] 21:53:36:378 Broker/(6250:6250): 8) Intentando bindear sever...
[ERROR] 21:53:36:417 Broker/(6250:6250): Error en bind broker: -1
[ERROR] 21:53:36:444 Broker/(6250:6250): Código de error: 98
[DEBUG] 21:53:36:489 Broker/(6250:6250): 10) Hilo del servidor cargado correctamente!!!
[INFO] 21:54:57:388 Broker/(6250:6258):  Broker DEJA DE FUNCIONAR 
[INFO] 21:54:57:407 Broker/(6250:6258): Chau!
[INFO] 22:01:09:201 Broker/(6832:6832): *************** INICIANDO EJECUCION DE BROKER ***************
[DEBUG] 22:01:10:404 Broker/(6832:6832): 1) Cache de mensajes lista!!!
[DEBUG] 22:01:10:436 Broker/(6832:6832): 2) Inicializando archivo de configuracion...
[INFO] 22:01:10:642 Broker/(6832:6832): Cargando el archivo de configuracion...
[DEBUG] 22:01:10:733 Broker/(6832:6832): El tamaño inicial de memoria: 512
[DEBUG] 22:01:10:745 Broker/(6832:6832): El tamaño minimo de particion: 4
[DEBUG] 22:01:10:768 Broker/(6832:6832): El algoritmo de memoria es: PARTICIONES
[DEBUG] 22:01:10:800 Broker/(6832:6832): El algoritmo de reemplazo es: FIFO
[DEBUG] 22:01:10:818 Broker/(6832:6832): El algoritmo para particiones libre es: FF
[DEBUG] 22:01:10:836 Broker/(6832:6832): la ip del broker es: 127.0.0.1
[DEBUG] 22:01:10:849 Broker/(6832:6832): el puerto del broker es: 5002
[DEBUG] 22:01:10:857 Broker/(6832:6832): La frecuencia de compactacion es: 10
[DEBUG] 22:01:10:883 Broker/(6832:6832): El log file es: Broker.log
[INFO] 22:01:10:886 Broker/(6832:6832): Archivo de configuracion cargado...
[DEBUG] 22:01:10:945 Broker/(6832:6832): 3) Configuraciones cargadas correctamente!!!
[DEBUG] 22:01:10:954 Broker/(6832:6832): 4) Configurando signals...
[DEBUG] 22:01:10:999 Broker/(6832:6832): 5) Signals configuradas correctamente!!!
[DEBUG] 22:01:11:12 Broker/(6832:6832): 6) Inicializando cache de mensajes...
[DEBUG] 22:01:11:237 Broker/(6832:6832): la direccion de memoria en memoria l51 es: 69471304 
[DEBUG] 22:01:11:286 Broker/(6832:6832): Se asigno la memoria inicial
[DEBUG] 22:01:11:315 Broker/(6832:6832): La direccion inicial de memoria es: 0x4241d58
[DEBUG] 22:01:11:340 Broker/(6832:6832): Particion de memoria inicial creada con: 512 

[DEBUG] 22:01:11:400 Broker/(6832:6832): 7) Iniciando servidor...
[DEBUG] 22:01:11:544 Broker/(6832:6832): 8) Intentando bindear sever...
[DEBUG] 22:01:11:576 Broker/(6832:6832): 9) Server bindeado correctamente!!!
[DEBUG] 22:01:11:601 Broker/(6832:6832): 10) Hilo del servidor cargado correctamente!!!
[INFO] 22:01:27:535 Broker/(6832:6847): Se aceptó un nuevo proceso en el socket 5
[DEBUG] 22:01:27:594 Broker/(6832:6847): Mensaje Recibido:
[DEBUG] 22:01:27:605 Broker/(6832:6847): operacion: 0 
[DEBUG] 22:01:27:615 Broker/(6832:6847): cola_de_mensajes: 3 
[DEBUG] 22:01:27:628 Broker/(6832:6847): id_correlacional: -1  
[DEBUG] 22:01:27:635 Broker/(6832:6847): id_mensaje: -1 
[DEBUG] 22:01:27:650 Broker/(6832:6847): id_cliente: 12332 
[DEBUG] 22:01:27:652 Broker/(6832:6847): tamanio_payload: 11 
[INFO] 22:01:27:666 Broker/(6832:6847): El cliente 12332 envió un mensaje para la cola 3 a través de socket 5
[DEBUG] 22:01:27:711 Broker/(6832:6847): Nueva peticion de memoria de: 11
[DEBUG] 22:01:27:752 Broker/(6832:6847): Particiones dinamicas
[DEBUG] 22:01:27:768 Broker/(6832:6847): Alojar: 11
[DEBUG] 22:01:27:791 Broker/(6832:6847): Se hace una particion de: 11 
[DEBUG] 22:01:27:827 Broker/(6832:6847): Ejecutando Algoritmo de Particion Libre FF
[DEBUG] 22:01:27:848 Broker/(6832:6847): Best Fit
[DEBUG] 22:01:27:875 Broker/(6832:6847): El id malo es: 1
[DEBUG] 22:01:27:890 Broker/(6832:6847): Por particionar el bloque, ya encontre mi bloque adecuado
[DEBUG] 22:01:27:900 Broker/(6832:6847): Indice a particionar 0
[DEBUG] 22:01:27:914 Broker/(6832:6847): Por particionar...
[INFO] 22:01:27:943 Broker/(6832:6847): Almacenado mensaje en la posicion real 0x4241d58
[INFO] 22:01:27:995 Broker/(6832:6847): Almacenado en la posicion relativa (nil)
[DEBUG] 22:01:28:7 Broker/(6832:6847): Bloque particionado...
[DEBUG] 22:01:28:16 Broker/(6832:6847): Ya ejecute best fit
[DEBUG] 22:01:28:36 Broker/(6832:6847): Algoritmo de particion libre ejecutado!
[DEBUG] 22:01:28:47 Broker/(6832:6847): Aloje la nueva particion , PD
[INFO] 22:06:06:396 Broker/(6832:6832):  Broker DEJA DE FUNCIONAR 
[INFO] 22:06:06:412 Broker/(6832:6832): Chau!
[INFO] 22:06:33:41 Broker/(6982:6982): *************** INICIANDO EJECUCION DE BROKER ***************
[DEBUG] 22:06:34:232 Broker/(6982:6982): 1) Cache de mensajes lista!!!
[DEBUG] 22:06:34:267 Broker/(6982:6982): 2) Inicializando archivo de configuracion...
[INFO] 22:06:34:491 Broker/(6982:6982): Cargando el archivo de configuracion...
[DEBUG] 22:06:34:566 Broker/(6982:6982): El tamaño inicial de memoria: 512
[DEBUG] 22:06:34:589 Broker/(6982:6982): El tamaño minimo de particion: 4
[DEBUG] 22:06:34:624 Broker/(6982:6982): El algoritmo de memoria es: PARTICIONES
[DEBUG] 22:06:34:642 Broker/(6982:6982): El algoritmo de reemplazo es: FIFO
[DEBUG] 22:06:34:655 Broker/(6982:6982): El algoritmo para particiones libre es: FF
[DEBUG] 22:06:34:671 Broker/(6982:6982): la ip del broker es: 127.0.0.1
[DEBUG] 22:06:34:691 Broker/(6982:6982): el puerto del broker es: 5002
[DEBUG] 22:06:34:698 Broker/(6982:6982): La frecuencia de compactacion es: 10
[DEBUG] 22:06:34:714 Broker/(6982:6982): El log file es: Broker.log
[INFO] 22:06:34:727 Broker/(6982:6982): Archivo de configuracion cargado...
[DEBUG] 22:06:34:787 Broker/(6982:6982): 3) Configuraciones cargadas correctamente!!!
[DEBUG] 22:06:34:802 Broker/(6982:6982): 4) Configurando signals...
[DEBUG] 22:06:34:848 Broker/(6982:6982): 5) Signals configuradas correctamente!!!
[DEBUG] 22:06:34:857 Broker/(6982:6982): 6) Inicializando cache de mensajes...
[DEBUG] 22:06:35:124 Broker/(6982:6982): la direccion de memoria en memoria l51 es: 69471320 
[DEBUG] 22:06:35:160 Broker/(6982:6982): Se asigno la memoria inicial
[DEBUG] 22:06:35:192 Broker/(6982:6982): La direccion inicial de memoria es: 0x4241d68
[DEBUG] 22:06:35:211 Broker/(6982:6982): Particion de memoria inicial creada con: 512 

[DEBUG] 22:06:35:232 Broker/(6982:6982): 7) Iniciando servidor...
[DEBUG] 22:06:35:345 Broker/(6982:6982): 8) Intentando bindear sever...
[DEBUG] 22:06:35:388 Broker/(6982:6982): 9) Server bindeado correctamente!!!
[DEBUG] 22:06:35:433 Broker/(6982:6982): 10) Hilo del servidor cargado correctamente!!!
[INFO] 22:06:44:545 Broker/(6982:7000): Se aceptó un nuevo proceso en el socket 5
[DEBUG] 22:06:44:582 Broker/(6982:7000): Mensaje Recibido:
[DEBUG] 22:06:44:595 Broker/(6982:7000): operacion: 0 
[DEBUG] 22:06:44:623 Broker/(6982:7000): cola_de_mensajes: 3 
[DEBUG] 22:06:44:636 Broker/(6982:7000): id_correlacional: -1  
[DEBUG] 22:06:44:647 Broker/(6982:7000): id_mensaje: -1 
[DEBUG] 22:06:44:653 Broker/(6982:7000): id_cliente: 12332 
[DEBUG] 22:06:44:664 Broker/(6982:7000): tamanio_payload: 11 
[INFO] 22:06:44:669 Broker/(6982:7000): El cliente 12332 envió un mensaje para la cola 3 a través de socket 5
[DEBUG] 22:06:44:697 Broker/(6982:7000): Nueva peticion de memoria de: 11
[DEBUG] 22:06:44:760 Broker/(6982:7000): Particiones dinamicas
[DEBUG] 22:06:44:774 Broker/(6982:7000): Alojar: 11
[DEBUG] 22:06:44:786 Broker/(6982:7000): Se hace una particion de: 11 
[DEBUG] 22:06:44:821 Broker/(6982:7000): Ejecutando Algoritmo de Particion Libre FF
[DEBUG] 22:06:44:841 Broker/(6982:7000): Best Fit
[DEBUG] 22:06:44:886 Broker/(6982:7000): El id malo es: 1
[DEBUG] 22:06:44:904 Broker/(6982:7000): Por particionar el bloque, ya encontre mi bloque adecuado
[DEBUG] 22:06:44:911 Broker/(6982:7000): Indice a particionar 0
[DEBUG] 22:06:44:925 Broker/(6982:7000): Por particionar...
[INFO] 22:06:44:963 Broker/(6982:7000): Almacenado mensaje en la posicion real 0x4241d68
[INFO] 22:06:45:13 Broker/(6982:7000): Almacenado en la posicion relativa (nil)
[DEBUG] 22:06:45:27 Broker/(6982:7000): Bloque particionado...
[DEBUG] 22:06:45:37 Broker/(6982:7000): Ya ejecute best fit
[DEBUG] 22:06:45:48 Broker/(6982:7000): Algoritmo de particion libre ejecutado!
[DEBUG] 22:06:45:58 Broker/(6982:7000): Aloje la nueva particion , PD
[INFO] 22:07:23:241 Broker/(6982:6982):  Broker DEJA DE FUNCIONAR 
[INFO] 22:07:23:260 Broker/(6982:6982): Chau!
[INFO] 22:08:31:29 Broker/(7111:7111): *************** INICIANDO EJECUCION DE BROKER ***************
[DEBUG] 22:08:32:272 Broker/(7111:7111): 1) Cache de mensajes lista!!!
[DEBUG] 22:08:32:306 Broker/(7111:7111): 2) Inicializando archivo de configuracion...
[INFO] 22:08:32:639 Broker/(7111:7111): Cargando el archivo de configuracion...
[DEBUG] 22:08:32:747 Broker/(7111:7111): El tamaño inicial de memoria: 512
[DEBUG] 22:08:32:762 Broker/(7111:7111): El tamaño minimo de particion: 4
[DEBUG] 22:08:32:790 Broker/(7111:7111): El algoritmo de memoria es: PARTICIONES
[DEBUG] 22:08:32:809 Broker/(7111:7111): El algoritmo de reemplazo es: FIFO
[DEBUG] 22:08:32:846 Broker/(7111:7111): El algoritmo para particiones libre es: FF
[DEBUG] 22:08:32:890 Broker/(7111:7111): la ip del broker es: 127.0.0.1
[DEBUG] 22:08:32:925 Broker/(7111:7111): el puerto del broker es: 5002
[DEBUG] 22:08:32:943 Broker/(7111:7111): La frecuencia de compactacion es: 10
[DEBUG] 22:08:32:961 Broker/(7111:7111): El log file es: Broker.log
[INFO] 22:08:32:969 Broker/(7111:7111): Archivo de configuracion cargado...
[DEBUG] 22:08:33:43 Broker/(7111:7111): 3) Configuraciones cargadas correctamente!!!
[DEBUG] 22:08:33:59 Broker/(7111:7111): 4) Configurando signals...
[DEBUG] 22:08:33:108 Broker/(7111:7111): 5) Signals configuradas correctamente!!!
[DEBUG] 22:08:33:124 Broker/(7111:7111): 6) Inicializando cache de mensajes...
[DEBUG] 22:08:33:679 Broker/(7111:7111): la direccion de memoria en memoria l51 es: 69471320 
[DEBUG] 22:08:33:733 Broker/(7111:7111): Se asigno la memoria inicial
[DEBUG] 22:08:33:769 Broker/(7111:7111): La direccion inicial de memoria es: 0x4241d68
[DEBUG] 22:08:33:799 Broker/(7111:7111): Particion de memoria inicial creada con: 512 

[DEBUG] 22:08:33:843 Broker/(7111:7111): 7) Iniciando servidor...
[DEBUG] 22:08:33:979 Broker/(7111:7111): 8) Intentando bindear sever...
[DEBUG] 22:08:34:24 Broker/(7111:7111): 9) Server bindeado correctamente!!!
[DEBUG] 22:08:34:64 Broker/(7111:7111): 10) Hilo del servidor cargado correctamente!!!
[INFO] 22:08:45:798 Broker/(7111:7128): Se aceptó un nuevo proceso en el socket 5
[DEBUG] 22:08:45:858 Broker/(7111:7128): Mensaje Recibido:
[DEBUG] 22:08:45:876 Broker/(7111:7128): operacion: 0 
[DEBUG] 22:08:45:892 Broker/(7111:7128): cola_de_mensajes: 3 
[DEBUG] 22:08:45:901 Broker/(7111:7128): id_correlacional: -1  
[DEBUG] 22:08:45:917 Broker/(7111:7128): id_mensaje: -1 
[DEBUG] 22:08:45:939 Broker/(7111:7128): id_cliente: 12332 
[DEBUG] 22:08:45:955 Broker/(7111:7128): tamanio_payload: 11 
[INFO] 22:08:45:976 Broker/(7111:7128): El cliente 12332 envió un mensaje para la cola 3 a través de socket 5
[DEBUG] 22:08:46:39 Broker/(7111:7128): Nueva peticion de memoria de: 11
[DEBUG] 22:08:46:92 Broker/(7111:7128): Particiones dinamicas
[DEBUG] 22:08:46:100 Broker/(7111:7128): Alojar: 11
[DEBUG] 22:08:46:109 Broker/(7111:7128): Se hace una particion de: 11 
[DEBUG] 22:08:46:171 Broker/(7111:7128): Ejecutando Algoritmo de Particion Libre FF
[DEBUG] 22:08:46:194 Broker/(7111:7128): Best Fit
[DEBUG] 22:08:46:259 Broker/(7111:7128): El id malo es: 1
[DEBUG] 22:08:46:281 Broker/(7111:7128): Por particionar el bloque, ya encontre mi bloque adecuado
[DEBUG] 22:08:46:306 Broker/(7111:7128): Indice a particionar 0
[DEBUG] 22:08:46:317 Broker/(7111:7128): Por particionar...
[INFO] 22:08:46:373 Broker/(7111:7128): Almacenado mensaje en la posicion real 0x4241d68
[INFO] 22:08:46:440 Broker/(7111:7128): Almacenado en la posicion relativa (nil)
[DEBUG] 22:08:46:453 Broker/(7111:7128): Bloque particionado...
[DEBUG] 22:08:46:468 Broker/(7111:7128): Ya ejecute best fit
[DEBUG] 22:08:46:502 Broker/(7111:7128): Algoritmo de particion libre ejecutado!
[DEBUG] 22:08:46:524 Broker/(7111:7128): Aloje la nueva particion , PD
[INFO] 22:12:21:990 Broker/(7111:7111):  Broker DEJA DE FUNCIONAR 
[INFO] 22:12:21:6 Broker/(7111:7111): Chau!
[INFO] 22:13:02:875 Broker/(7405:7405): *************** INICIANDO EJECUCION DE BROKER ***************
[DEBUG] 22:13:03:214 Broker/(7405:7405): 1) Cache de mensajes lista!!!
[DEBUG] 22:13:03:251 Broker/(7405:7405): 2) Inicializando archivo de configuracion...
[INFO] 22:13:03:651 Broker/(7405:7405): Cargando el archivo de configuracion...
[DEBUG] 22:13:03:720 Broker/(7405:7405): El tamaño inicial de memoria: 512
[DEBUG] 22:13:03:743 Broker/(7405:7405): El tamaño minimo de particion: 4
[DEBUG] 22:13:03:765 Broker/(7405:7405): El algoritmo de memoria es: PARTICIONES
[DEBUG] 22:13:03:778 Broker/(7405:7405): El algoritmo de reemplazo es: FIFO
[DEBUG] 22:13:03:801 Broker/(7405:7405): El algoritmo para particiones libre es: FF
[DEBUG] 22:13:03:817 Broker/(7405:7405): la ip del broker es: 127.0.0.1
[DEBUG] 22:13:03:843 Broker/(7405:7405): el puerto del broker es: 5002
[DEBUG] 22:13:03:868 Broker/(7405:7405): La frecuencia de compactacion es: 10
[DEBUG] 22:13:03:890 Broker/(7405:7405): El log file es: Broker.log
[INFO] 22:13:03:904 Broker/(7405:7405): Archivo de configuracion cargado...
[DEBUG] 22:13:03:982 Broker/(7405:7405): 3) Configuraciones cargadas correctamente!!!
[DEBUG] 22:13:03:3 Broker/(7405:7405): 4) Configurando signals...
[DEBUG] 22:13:04:55 Broker/(7405:7405): 5) Signals configuradas correctamente!!!
[DEBUG] 22:13:04:74 Broker/(7405:7405): 6) Inicializando cache de mensajes...
[DEBUG] 22:13:04:356 Broker/(7405:7405): la direccion de memoria en memoria l51 es: 69471304 
[DEBUG] 22:13:04:405 Broker/(7405:7405): Se asigno la memoria inicial
[DEBUG] 22:13:04:437 Broker/(7405:7405): La direccion inicial de memoria es: 0x4241d58
[DEBUG] 22:13:04:456 Broker/(7405:7405): Particion de memoria inicial creada con: 512 

[DEBUG] 22:13:04:497 Broker/(7405:7405): 7) Iniciando servidor...
[DEBUG] 22:13:04:576 Broker/(7405:7405): 8) Intentando bindear sever...
[DEBUG] 22:13:04:608 Broker/(7405:7405): 9) Server bindeado correctamente!!!
[DEBUG] 22:13:04:648 Broker/(7405:7405): 10) Hilo del servidor cargado correctamente!!!
[INFO] 22:13:07:40 Broker/(7405:7420): Se aceptó un nuevo proceso en el socket 5
[DEBUG] 22:13:07:89 Broker/(7405:7420): Mensaje Recibido:
[DEBUG] 22:13:07:134 Broker/(7405:7420): operacion: 0 
[DEBUG] 22:13:07:171 Broker/(7405:7420): cola_de_mensajes: 3 
[DEBUG] 22:13:07:209 Broker/(7405:7420): id_correlacional: -1  
[DEBUG] 22:13:07:218 Broker/(7405:7420): id_mensaje: -1 
[DEBUG] 22:13:07:248 Broker/(7405:7420): id_cliente: 12332 
[DEBUG] 22:13:07:251 Broker/(7405:7420): tamanio_payload: 11 
[INFO] 22:13:07:275 Broker/(7405:7420): El cliente 12332 envió un mensaje para la cola 3 a través de socket 5
[DEBUG] 22:13:07:316 Broker/(7405:7420): Nueva peticion de memoria de: 11
[DEBUG] 22:13:07:374 Broker/(7405:7420): Particiones dinamicas
[DEBUG] 22:13:07:389 Broker/(7405:7420): Alojar: 11
[DEBUG] 22:13:07:403 Broker/(7405:7420): Se hace una particion de: 11 
[DEBUG] 22:13:07:450 Broker/(7405:7420): Ejecutando Algoritmo de Particion Libre FF
[DEBUG] 22:13:07:482 Broker/(7405:7420): Best Fit
[DEBUG] 22:13:07:528 Broker/(7405:7420): El id malo es: 1
[DEBUG] 22:13:07:552 Broker/(7405:7420): Por particionar el bloque, ya encontre mi bloque adecuado
[DEBUG] 22:13:07:588 Broker/(7405:7420): Indice a particionar 0
[DEBUG] 22:13:07:611 Broker/(7405:7420): Por particionar...
[INFO] 22:13:07:715 Broker/(7405:7420): Almacenado mensaje en la posicion real 0x4241d58
[INFO] 22:13:07:802 Broker/(7405:7420): Almacenado en la posicion relativa (nil)
[DEBUG] 22:13:07:819 Broker/(7405:7420): Bloque particionado...
[DEBUG] 22:13:07:837 Broker/(7405:7420): Ya ejecute best fit
[DEBUG] 22:13:07:854 Broker/(7405:7420): Algoritmo de particion libre ejecutado!
[DEBUG] 22:13:07:869 Broker/(7405:7420): Aloje la nueva particion , PD
[INFO] 22:14:34:983 Broker/(7405:7405):  Broker DEJA DE FUNCIONAR 
[INFO] 22:14:35:20 Broker/(7405:7405): Chau!
[INFO] 22:15:47:698 Broker/(7588:7588): *************** INICIANDO EJECUCION DE BROKER ***************
[DEBUG] 22:15:47:946 Broker/(7588:7588): 1) Cache de mensajes lista!!!
[DEBUG] 22:15:47:982 Broker/(7588:7588): 2) Inicializando archivo de configuracion...
[INFO] 22:15:48:310 Broker/(7588:7588): Cargando el archivo de configuracion...
[DEBUG] 22:15:48:401 Broker/(7588:7588): El tamaño inicial de memoria: 512
[DEBUG] 22:15:48:418 Broker/(7588:7588): El tamaño minimo de particion: 4
[DEBUG] 22:15:48:441 Broker/(7588:7588): El algoritmo de memoria es: PARTICIONES
[DEBUG] 22:15:48:460 Broker/(7588:7588): El algoritmo de reemplazo es: FIFO
[DEBUG] 22:15:48:479 Broker/(7588:7588): El algoritmo para particiones libre es: FF
[DEBUG] 22:15:48:517 Broker/(7588:7588): la ip del broker es: 127.0.0.1
[DEBUG] 22:15:48:546 Broker/(7588:7588): el puerto del broker es: 5002
[DEBUG] 22:15:48:562 Broker/(7588:7588): La frecuencia de compactacion es: 10
[DEBUG] 22:15:48:589 Broker/(7588:7588): El log file es: Broker.log
[INFO] 22:15:48:597 Broker/(7588:7588): Archivo de configuracion cargado...
[DEBUG] 22:15:48:692 Broker/(7588:7588): 3) Configuraciones cargadas correctamente!!!
[DEBUG] 22:15:48:704 Broker/(7588:7588): 4) Configurando signals...
[DEBUG] 22:15:48:750 Broker/(7588:7588): 5) Signals configuradas correctamente!!!
[DEBUG] 22:15:48:785 Broker/(7588:7588): 6) Inicializando cache de mensajes...
[DEBUG] 22:15:49:219 Broker/(7588:7588): la direccion de memoria en memoria l51 es: 69471320 
[DEBUG] 22:15:49:310 Broker/(7588:7588): Se asigno la memoria inicial
[DEBUG] 22:15:49:351 Broker/(7588:7588): La direccion inicial de memoria es: 0x4241d68
[DEBUG] 22:15:49:370 Broker/(7588:7588): Particion de memoria inicial creada con: 512 

[DEBUG] 22:15:49:403 Broker/(7588:7588): 7) Iniciando servidor...
[DEBUG] 22:15:49:541 Broker/(7588:7588): 8) Intentando bindear sever...
[DEBUG] 22:15:49:585 Broker/(7588:7588): 9) Server bindeado correctamente!!!
[DEBUG] 22:15:49:607 Broker/(7588:7588): 10) Hilo del servidor cargado correctamente!!!
[INFO] 22:15:52:837 Broker/(7588:7603): Se aceptó un nuevo proceso en el socket 5
[DEBUG] 22:15:52:880 Broker/(7588:7603): Mensaje Recibido:
[DEBUG] 22:15:52:910 Broker/(7588:7603): operacion: 0 
[DEBUG] 22:15:52:936 Broker/(7588:7603): cola_de_mensajes: 3 
[DEBUG] 22:15:52:953 Broker/(7588:7603): id_correlacional: -1  
[DEBUG] 22:15:52:969 Broker/(7588:7603): id_mensaje: -1 
[DEBUG] 22:15:52:978 Broker/(7588:7603): id_cliente: 12332 
[DEBUG] 22:15:52:999 Broker/(7588:7603): tamanio_payload: 11 
[INFO] 22:15:52:6 Broker/(7588:7603): El cliente 12332 envió un mensaje para la cola 3 a través de socket 5
[DEBUG] 22:15:53:42 Broker/(7588:7603): Nueva peticion de memoria de: 11
[DEBUG] 22:15:53:100 Broker/(7588:7603): Particiones dinamicas
[DEBUG] 22:15:53:116 Broker/(7588:7603): Alojar: 11
[DEBUG] 22:15:53:122 Broker/(7588:7603): Se hace una particion de: 11 
[DEBUG] 22:15:53:184 Broker/(7588:7603): Ejecutando Algoritmo de Particion Libre FF
[DEBUG] 22:15:53:217 Broker/(7588:7603): Best Fit
[DEBUG] 22:15:53:278 Broker/(7588:7603): El id malo es: 1
[DEBUG] 22:15:53:309 Broker/(7588:7603): Por particionar el bloque, ya encontre mi bloque adecuado
[DEBUG] 22:15:53:321 Broker/(7588:7603): Indice a particionar 0
[DEBUG] 22:15:53:333 Broker/(7588:7603): Por particionar...
[INFO] 22:15:53:391 Broker/(7588:7603): Almacenado mensaje en la posicion real 0x4241d68
[INFO] 22:15:53:470 Broker/(7588:7603): Almacenado en la posicion relativa (nil)
[DEBUG] 22:15:53:487 Broker/(7588:7603): Bloque particionado...
[DEBUG] 22:15:53:496 Broker/(7588:7603): Ya ejecute best fit
[DEBUG] 22:15:53:508 Broker/(7588:7603): Algoritmo de particion libre ejecutado!
[DEBUG] 22:15:53:526 Broker/(7588:7603): Aloje la nueva particion , PD
[INFO] 22:16:42:194 Broker/(7588:7588):  Broker DEJA DE FUNCIONAR 
[INFO] 22:16:42:223 Broker/(7588:7588): Chau!
[INFO] 22:17:22:414 Broker/(7699:7699): *************** INICIANDO EJECUCION DE BROKER ***************
[DEBUG] 22:17:23:655 Broker/(7699:7699): 1) Cache de mensajes lista!!!
[DEBUG] 22:17:23:696 Broker/(7699:7699): 2) Inicializando archivo de configuracion...
[INFO] 22:17:24:79 Broker/(7699:7699): Cargando el archivo de configuracion...
[DEBUG] 22:17:24:179 Broker/(7699:7699): El tamaño inicial de memoria: 512
[DEBUG] 22:17:24:197 Broker/(7699:7699): El tamaño minimo de particion: 4
[DEBUG] 22:17:24:234 Broker/(7699:7699): El algoritmo de memoria es: PARTICIONES
[DEBUG] 22:17:24:261 Broker/(7699:7699): El algoritmo de reemplazo es: FIFO
[DEBUG] 22:17:24:294 Broker/(7699:7699): El algoritmo para particiones libre es: FF
[DEBUG] 22:17:24:318 Broker/(7699:7699): la ip del broker es: 127.0.0.1
[DEBUG] 22:17:24:327 Broker/(7699:7699): el puerto del broker es: 5002
[DEBUG] 22:17:24:351 Broker/(7699:7699): La frecuencia de compactacion es: 10
[DEBUG] 22:17:24:380 Broker/(7699:7699): El log file es: Broker.log
[INFO] 22:17:24:394 Broker/(7699:7699): Archivo de configuracion cargado...
[DEBUG] 22:17:24:508 Broker/(7699:7699): 3) Configuraciones cargadas correctamente!!!
[DEBUG] 22:17:24:521 Broker/(7699:7699): 4) Configurando signals...
[DEBUG] 22:17:24:598 Broker/(7699:7699): 5) Signals configuradas correctamente!!!
[DEBUG] 22:17:24:619 Broker/(7699:7699): 6) Inicializando cache de mensajes...
[DEBUG] 22:17:24:993 Broker/(7699:7699): la direccion de memoria en memoria l51 es: 69471304 
[DEBUG] 22:17:25:48 Broker/(7699:7699): Se asigno la memoria inicial
[DEBUG] 22:17:25:83 Broker/(7699:7699): La direccion inicial de memoria es: 0x4241d58
[DEBUG] 22:17:25:99 Broker/(7699:7699): Particion de memoria inicial creada con: 512 

[DEBUG] 22:17:25:133 Broker/(7699:7699): 7) Iniciando servidor...
[DEBUG] 22:17:25:290 Broker/(7699:7699): 8) Intentando bindear sever...
[DEBUG] 22:17:25:359 Broker/(7699:7699): 9) Server bindeado correctamente!!!
[DEBUG] 22:17:25:397 Broker/(7699:7699): 10) Hilo del servidor cargado correctamente!!!
[INFO] 22:17:28:753 Broker/(7699:7716): Se aceptó un nuevo proceso en el socket 5
[DEBUG] 22:17:28:808 Broker/(7699:7716): Mensaje Recibido:
[DEBUG] 22:17:28:828 Broker/(7699:7716): operacion: 0 
[DEBUG] 22:17:28:846 Broker/(7699:7716): cola_de_mensajes: 3 
[DEBUG] 22:17:28:858 Broker/(7699:7716): id_correlacional: -1  
[DEBUG] 22:17:28:879 Broker/(7699:7716): id_mensaje: -1 
[DEBUG] 22:17:28:887 Broker/(7699:7716): id_cliente: 12332 
[DEBUG] 22:17:28:897 Broker/(7699:7716): tamanio_payload: 11 
[INFO] 22:17:28:915 Broker/(7699:7716): El cliente 12332 envió un mensaje para la cola 3 a través de socket 5
[DEBUG] 22:17:28:962 Broker/(7699:7716): Nueva peticion de memoria de: 11
[DEBUG] 22:17:29:55 Broker/(7699:7716): Particiones dinamicas
[DEBUG] 22:17:29:63 Broker/(7699:7716): Alojar: 11
[DEBUG] 22:17:29:83 Broker/(7699:7716): Se hace una particion de: 11 
[DEBUG] 22:17:29:148 Broker/(7699:7716): Ejecutando Algoritmo de Particion Libre FF
[DEBUG] 22:17:29:179 Broker/(7699:7716): Best Fit
[DEBUG] 22:17:29:226 Broker/(7699:7716): El id malo es: 1
[DEBUG] 22:17:29:253 Broker/(7699:7716): Por particionar el bloque, ya encontre mi bloque adecuado
[DEBUG] 22:17:29:268 Broker/(7699:7716): Indice a particionar 0
[DEBUG] 22:17:29:283 Broker/(7699:7716): Por particionar...
[INFO] 22:17:29:339 Broker/(7699:7716): Almacenado mensaje en la posicion real 0x4241d58
[INFO] 22:17:29:455 Broker/(7699:7716): Almacenado en la posicion relativa (nil)
[DEBUG] 22:17:29:479 Broker/(7699:7716): Bloque particionado...
[DEBUG] 22:17:29:501 Broker/(7699:7716): Ya ejecute best fit
[DEBUG] 22:17:29:528 Broker/(7699:7716): Algoritmo de particion libre ejecutado!
[DEBUG] 22:17:29:549 Broker/(7699:7716): Aloje la nueva particion , PD
[INFO] 22:17:46:814 Broker/(7699:7699):  Broker DEJA DE FUNCIONAR 
[INFO] 22:17:46:826 Broker/(7699:7699): Chau!
[INFO] 22:18:25:32 Broker/(7759:7759): *************** INICIANDO EJECUCION DE BROKER ***************
[DEBUG] 22:18:26:255 Broker/(7759:7759): 1) Cache de mensajes lista!!!
[DEBUG] 22:18:26:291 Broker/(7759:7759): 2) Inicializando archivo de configuracion...
[INFO] 22:18:26:574 Broker/(7759:7759): Cargando el archivo de configuracion...
[DEBUG] 22:18:26:672 Broker/(7759:7759): El tamaño inicial de memoria: 512
[DEBUG] 22:18:26:691 Broker/(7759:7759): El tamaño minimo de particion: 4
[DEBUG] 22:18:26:733 Broker/(7759:7759): El algoritmo de memoria es: PARTICIONES
[DEBUG] 22:18:26:751 Broker/(7759:7759): El algoritmo de reemplazo es: FIFO
[DEBUG] 22:18:26:785 Broker/(7759:7759): El algoritmo para particiones libre es: FF
[DEBUG] 22:18:26:801 Broker/(7759:7759): la ip del broker es: 127.0.0.1
[DEBUG] 22:18:26:853 Broker/(7759:7759): el puerto del broker es: 5002
[DEBUG] 22:18:26:887 Broker/(7759:7759): La frecuencia de compactacion es: 10
[DEBUG] 22:18:26:893 Broker/(7759:7759): El log file es: Broker.log
[INFO] 22:18:26:914 Broker/(7759:7759): Archivo de configuracion cargado...
[DEBUG] 22:18:26:969 Broker/(7759:7759): 3) Configuraciones cargadas correctamente!!!
[DEBUG] 22:18:26:978 Broker/(7759:7759): 4) Configurando signals...
[DEBUG] 22:18:27:80 Broker/(7759:7759): 5) Signals configuradas correctamente!!!
[DEBUG] 22:18:27:95 Broker/(7759:7759): 6) Inicializando cache de mensajes...
[DEBUG] 22:18:27:531 Broker/(7759:7759): la direccion de memoria en memoria l51 es: 69471304 
[DEBUG] 22:18:27:593 Broker/(7759:7759): Se asigno la memoria inicial
[DEBUG] 22:18:27:625 Broker/(7759:7759): La direccion inicial de memoria es: 0x4241d58
[DEBUG] 22:18:27:647 Broker/(7759:7759): Particion de memoria inicial creada con: 512 

[DEBUG] 22:18:27:672 Broker/(7759:7759): 7) Iniciando servidor...
[DEBUG] 22:18:27:905 Broker/(7759:7759): 8) Intentando bindear sever...
[DEBUG] 22:18:27:964 Broker/(7759:7759): 9) Server bindeado correctamente!!!
[DEBUG] 22:18:27:986 Broker/(7759:7759): 10) Hilo del servidor cargado correctamente!!!
[INFO] 22:18:30:109 Broker/(7759:7775): Se aceptó un nuevo proceso en el socket 5
[DEBUG] 22:18:30:172 Broker/(7759:7775): Mensaje Recibido:
[DEBUG] 22:18:30:182 Broker/(7759:7775): operacion: 0 
[DEBUG] 22:18:30:191 Broker/(7759:7775): cola_de_mensajes: 3 
[DEBUG] 22:18:30:218 Broker/(7759:7775): id_correlacional: -1  
[DEBUG] 22:18:30:235 Broker/(7759:7775): id_mensaje: -1 
[DEBUG] 22:18:30:276 Broker/(7759:7775): id_cliente: 12332 
[DEBUG] 22:18:30:281 Broker/(7759:7775): tamanio_payload: 11 
[INFO] 22:18:30:298 Broker/(7759:7775): El cliente 12332 envió un mensaje para la cola 3 a través de socket 5
[DEBUG] 22:18:30:338 Broker/(7759:7775): Nueva peticion de memoria de: 11
[DEBUG] 22:18:30:402 Broker/(7759:7775): Particiones dinamicas
[DEBUG] 22:18:30:418 Broker/(7759:7775): Alojar: 11
[DEBUG] 22:18:30:430 Broker/(7759:7775): Se hace una particion de: 11 
[DEBUG] 22:18:30:470 Broker/(7759:7775): Ejecutando Algoritmo de Particion Libre FF
[DEBUG] 22:18:30:496 Broker/(7759:7775): Best Fit
[DEBUG] 22:18:30:538 Broker/(7759:7775): El id malo es: 1
[DEBUG] 22:18:30:569 Broker/(7759:7775): Por particionar el bloque, ya encontre mi bloque adecuado
[DEBUG] 22:18:30:586 Broker/(7759:7775): Indice a particionar 0
[DEBUG] 22:18:30:598 Broker/(7759:7775): Por particionar...
[INFO] 22:18:30:645 Broker/(7759:7775): Almacenado mensaje en la posicion real 0x4241d58
[INFO] 22:18:30:712 Broker/(7759:7775): Almacenado en la posicion relativa (nil)
[DEBUG] 22:18:30:726 Broker/(7759:7775): Bloque particionado...
[DEBUG] 22:18:30:740 Broker/(7759:7775): Ya ejecute best fit
[DEBUG] 22:18:30:756 Broker/(7759:7775): Algoritmo de particion libre ejecutado!
[DEBUG] 22:18:30:768 Broker/(7759:7775): Aloje la nueva particion , PD
[INFO] 22:18:42:375 Broker/(7759:7759):  Broker DEJA DE FUNCIONAR 
[INFO] 22:18:42:386 Broker/(7759:7759): Chau!
[INFO] 22:21:39:538 Broker/(7911:7911): *************** INICIANDO EJECUCION DE BROKER ***************
[DEBUG] 22:21:39:779 Broker/(7911:7911): 1) Cache de mensajes lista!!!
[DEBUG] 22:21:39:818 Broker/(7911:7911): 2) Inicializando archivo de configuracion...
[INFO] 22:21:40:112 Broker/(7911:7911): Cargando el archivo de configuracion...
[DEBUG] 22:21:40:204 Broker/(7911:7911): El tamaño inicial de memoria: 512
[DEBUG] 22:21:40:238 Broker/(7911:7911): El tamaño minimo de particion: 4
[DEBUG] 22:21:40:273 Broker/(7911:7911): El algoritmo de memoria es: PARTICIONES
[DEBUG] 22:21:40:298 Broker/(7911:7911): El algoritmo de reemplazo es: FIFO
[DEBUG] 22:21:40:319 Broker/(7911:7911): El algoritmo para particiones libre es: FF
[DEBUG] 22:21:40:343 Broker/(7911:7911): la ip del broker es: 127.0.0.1
[DEBUG] 22:21:40:354 Broker/(7911:7911): el puerto del broker es: 5002
[DEBUG] 22:21:40:380 Broker/(7911:7911): La frecuencia de compactacion es: 10
[DEBUG] 22:21:40:390 Broker/(7911:7911): El log file es: Broker.log
[INFO] 22:21:40:438 Broker/(7911:7911): Archivo de configuracion cargado...
[DEBUG] 22:21:40:514 Broker/(7911:7911): 3) Configuraciones cargadas correctamente!!!
[DEBUG] 22:21:40:533 Broker/(7911:7911): 4) Configurando signals...
[DEBUG] 22:21:40:600 Broker/(7911:7911): 5) Signals configuradas correctamente!!!
[DEBUG] 22:21:40:608 Broker/(7911:7911): 6) Inicializando cache de mensajes...
[DEBUG] 22:21:40:901 Broker/(7911:7911): la direccion de memoria en memoria l51 es: 69471320 
[DEBUG] 22:21:40:947 Broker/(7911:7911): Se asigno la memoria inicial
[DEBUG] 22:21:40:980 Broker/(7911:7911): La direccion inicial de memoria es: 0x4241d68
[DEBUG] 22:21:41:7 Broker/(7911:7911): Particion de memoria inicial creada con: 512 

[DEBUG] 22:21:41:33 Broker/(7911:7911): 7) Iniciando servidor...
[DEBUG] 22:21:41:218 Broker/(7911:7911): 8) Intentando bindear sever...
[DEBUG] 22:21:41:272 Broker/(7911:7911): 9) Server bindeado correctamente!!!
[DEBUG] 22:21:41:301 Broker/(7911:7911): 10) Hilo del servidor cargado correctamente!!!
[INFO] 22:23:19:57 Broker/(8002:8002): *************** INICIANDO EJECUCION DE BROKER ***************
[DEBUG] 22:23:20:302 Broker/(8002:8002): 1) Cache de mensajes lista!!!
[DEBUG] 22:23:20:349 Broker/(8002:8002): 2) Inicializando archivo de configuracion...
[INFO] 22:23:20:708 Broker/(8002:8002): Cargando el archivo de configuracion...
[DEBUG] 22:23:20:809 Broker/(8002:8002): El tamaño inicial de memoria: 512
[DEBUG] 22:23:20:836 Broker/(8002:8002): El tamaño minimo de particion: 4
[DEBUG] 22:23:20:857 Broker/(8002:8002): El algoritmo de memoria es: PARTICIONES
[DEBUG] 22:23:20:890 Broker/(8002:8002): El algoritmo de reemplazo es: FIFO
[DEBUG] 22:23:20:917 Broker/(8002:8002): El algoritmo para particiones libre es: FF
[DEBUG] 22:23:20:945 Broker/(8002:8002): la ip del broker es: 127.0.0.1
[DEBUG] 22:23:20:968 Broker/(8002:8002): el puerto del broker es: 5002
[DEBUG] 22:23:21:12 Broker/(8002:8002): La frecuencia de compactacion es: 10
[DEBUG] 22:23:21:42 Broker/(8002:8002): El log file es: Broker.log
[INFO] 22:23:21:68 Broker/(8002:8002): Archivo de configuracion cargado...
[DEBUG] 22:23:21:138 Broker/(8002:8002): 3) Configuraciones cargadas correctamente!!!
[DEBUG] 22:23:21:159 Broker/(8002:8002): 4) Configurando signals...
[DEBUG] 22:23:21:219 Broker/(8002:8002): 5) Signals configuradas correctamente!!!
[DEBUG] 22:23:21:239 Broker/(8002:8002): 6) Inicializando cache de mensajes...
[DEBUG] 22:23:21:576 Broker/(8002:8002): la direccion de memoria en memoria l51 es: 69471304 
[DEBUG] 22:23:21:627 Broker/(8002:8002): Se asigno la memoria inicial
[DEBUG] 22:23:21:669 Broker/(8002:8002): La direccion inicial de memoria es: 0x4241d58
[DEBUG] 22:23:21:682 Broker/(8002:8002): Particion de memoria inicial creada con: 512 

[DEBUG] 22:23:21:714 Broker/(8002:8002): 7) Iniciando servidor...
[DEBUG] 22:23:21:906 Broker/(8002:8002): 8) Intentando bindear sever...
[DEBUG] 22:23:21:947 Broker/(8002:8002): 9) Server bindeado correctamente!!!
[DEBUG] 22:23:21:974 Broker/(8002:8002): 10) Hilo del servidor cargado correctamente!!!
[INFO] 22:23:46:479 Broker/(8002:8050): Se aceptó un nuevo proceso en el socket 5
[DEBUG] 22:23:46:542 Broker/(8002:8050): Mensaje Recibido:
[DEBUG] 22:23:46:577 Broker/(8002:8050): operacion: 0 
[DEBUG] 22:23:46:594 Broker/(8002:8050): cola_de_mensajes: 3 
[DEBUG] 22:23:46:610 Broker/(8002:8050): id_correlacional: -1  
[DEBUG] 22:23:46:616 Broker/(8002:8050): id_mensaje: -1 
[DEBUG] 22:23:46:629 Broker/(8002:8050): id_cliente: 12332 
[DEBUG] 22:23:46:691 Broker/(8002:8050): tamanio_payload: 11 
[INFO] 22:23:46:709 Broker/(8002:8050): El cliente 12332 envió un mensaje para la cola 3 a través de socket 5
[DEBUG] 22:23:46:746 Broker/(8002:8050): Nueva peticion de memoria de: 11
[DEBUG] 22:23:46:834 Broker/(8002:8050): Particiones dinamicas
[DEBUG] 22:23:46:849 Broker/(8002:8050): Alojar: 11
[DEBUG] 22:23:46:876 Broker/(8002:8050): Se hace una particion de: 11 
[DEBUG] 22:23:46:926 Broker/(8002:8050): Ejecutando Algoritmo de Particion Libre FF
[WARNING] 22:23:46:960 Broker/(8002:8050):  Comparacion 0
[WARNING] 22:23:46:969 Broker/(8002:8050):  Variable FF
[DEBUG] 22:23:46:984 Broker/(8002:8050): Best Fit
[DEBUG] 22:23:47:30 Broker/(8002:8050): El id malo es: 1
[DEBUG] 22:23:47:47 Broker/(8002:8050): Por particionar el bloque, ya encontre mi bloque adecuado
[DEBUG] 22:23:47:62 Broker/(8002:8050): Indice a particionar 0
[DEBUG] 22:23:47:79 Broker/(8002:8050): Por particionar...
[INFO] 22:23:47:128 Broker/(8002:8050): Almacenado mensaje en la posicion real 0x4241d58
[INFO] 22:23:47:196 Broker/(8002:8050): Almacenado en la posicion relativa (null)
[DEBUG] 22:23:47:209 Broker/(8002:8050): Bloque particionado...
[DEBUG] 22:23:47:228 Broker/(8002:8050): Ya ejecute best fit
[DEBUG] 22:23:47:241 Broker/(8002:8050): Algoritmo de particion libre ejecutado!
[DEBUG] 22:23:47:260 Broker/(8002:8050): Aloje la nueva particion , PD
[INFO] 22:29:31:7 Broker/(8002:8002):  Broker DEJA DE FUNCIONAR 
[INFO] 22:29:31:24 Broker/(8002:8002): Chau!
[INFO] 22:30:09:798 Broker/(8409:8409): *************** INICIANDO EJECUCION DE BROKER ***************
[DEBUG] 22:30:10:339 Broker/(8409:8409): 1) Cache de mensajes lista!!!
[DEBUG] 22:30:10:383 Broker/(8409:8409): 2) Inicializando archivo de configuracion...
[INFO] 22:30:10:578 Broker/(8409:8409): Cargando el archivo de configuracion...
[DEBUG] 22:30:10:641 Broker/(8409:8409): El tamaño inicial de memoria: 512
[DEBUG] 22:30:10:662 Broker/(8409:8409): El tamaño minimo de particion: 4
[DEBUG] 22:30:10:684 Broker/(8409:8409): El algoritmo de memoria es: PARTICIONES
[DEBUG] 22:30:10:712 Broker/(8409:8409): El algoritmo de reemplazo es: FIFO
[DEBUG] 22:30:10:735 Broker/(8409:8409): El algoritmo para particiones libre es: FF
[DEBUG] 22:30:10:758 Broker/(8409:8409): la ip del broker es: 127.0.0.1
[DEBUG] 22:30:10:775 Broker/(8409:8409): el puerto del broker es: 5002
[DEBUG] 22:30:10:805 Broker/(8409:8409): La frecuencia de compactacion es: 10
[DEBUG] 22:30:10:827 Broker/(8409:8409): El log file es: Broker.log
[INFO] 22:30:10:834 Broker/(8409:8409): Archivo de configuracion cargado...
[DEBUG] 22:30:10:881 Broker/(8409:8409): 3) Configuraciones cargadas correctamente!!!
[DEBUG] 22:30:10:907 Broker/(8409:8409): 4) Configurando signals...
[DEBUG] 22:30:10:952 Broker/(8409:8409): 5) Signals configuradas correctamente!!!
[DEBUG] 22:30:10:972 Broker/(8409:8409): 6) Inicializando cache de mensajes...
[DEBUG] 22:30:11:155 Broker/(8409:8409): la direccion de memoria en memoria l51 es: 69471320 
[DEBUG] 22:30:11:196 Broker/(8409:8409): Se asigno la memoria inicial
[DEBUG] 22:30:11:235 Broker/(8409:8409): La direccion inicial de memoria es: 0x4241d68
[DEBUG] 22:30:11:261 Broker/(8409:8409): Particion de memoria inicial creada con: 512 

[DEBUG] 22:30:11:310 Broker/(8409:8409): 7) Iniciando servidor...
[DEBUG] 22:30:11:431 Broker/(8409:8409): 8) Intentando bindear sever...
[DEBUG] 22:30:11:530 Broker/(8409:8409): 9) Server bindeado correctamente!!!
[DEBUG] 22:30:11:578 Broker/(8409:8409): 10) Hilo del servidor cargado correctamente!!!
[INFO] 22:30:13:512 Broker/(8409:8431): Se aceptó un nuevo proceso en el socket 5
[DEBUG] 22:30:13:566 Broker/(8409:8431): Mensaje Recibido:
[DEBUG] 22:30:13:593 Broker/(8409:8431): operacion: 0 
[DEBUG] 22:30:13:598 Broker/(8409:8431): cola_de_mensajes: 3 
[DEBUG] 22:30:13:634 Broker/(8409:8431): id_correlacional: -1  
[DEBUG] 22:30:13:644 Broker/(8409:8431): id_mensaje: -1 
[DEBUG] 22:30:13:658 Broker/(8409:8431): id_cliente: 12332 
[DEBUG] 22:30:13:676 Broker/(8409:8431): tamanio_payload: 11 
[INFO] 22:30:13:698 Broker/(8409:8431): El cliente 12332 envió un mensaje para la cola 3 a través de socket 5
[DEBUG] 22:30:13:735 Broker/(8409:8431): Nueva peticion de memoria de: 11
[DEBUG] 22:30:13:812 Broker/(8409:8431): Particiones dinamicas
[DEBUG] 22:30:13:840 Broker/(8409:8431): Alojar: 11
[DEBUG] 22:30:13:845 Broker/(8409:8431): Se hace una particion de: 11 
[DEBUG] 22:30:13:907 Broker/(8409:8431): Ejecutando Algoritmo de Particion Libre FF
[DEBUG] 22:30:13:933 Broker/(8409:8431): First Fit
[DEBUG] 22:30:13:962 Broker/(8409:8431): Por particionar el bloque, ya encontre mi bloque adecuado
[DEBUG] 22:30:13:992 Broker/(8409:8431): Indice a particionar 0
[DEBUG] 22:30:13:996 Broker/(8409:8431): Por particionar...
[INFO] 22:30:14:44 Broker/(8409:8431): Almacenado mensaje en la posicion real 0x4241d68
[INFO] 22:30:14:157 Broker/(8409:8431): Almacenado en la posicion relativa (null)
[DEBUG] 22:30:14:167 Broker/(8409:8431): Bloque particionado...
[DEBUG] 22:30:14:180 Broker/(8409:8431): Ya ejecute el algoritmo fist fit
[DEBUG] 22:30:14:198 Broker/(8409:8431): Algoritmo de particion libre ejecutado!
[DEBUG] 22:30:14:211 Broker/(8409:8431): Aloje la nueva particion , PD
[INFO] 22:33:25:996 Broker/(8409:8409):  Broker DEJA DE FUNCIONAR 
[INFO] 22:33:26:12 Broker/(8409:8409): Chau!
[INFO] 22:41:24:305 Broker/(8810:8810): *************** INICIANDO EJECUCION DE BROKER ***************
[DEBUG] 22:41:24:491 Broker/(8810:8810): 1) Cache de mensajes lista!!!
[DEBUG] 22:41:24:515 Broker/(8810:8810): 2) Inicializando archivo de configuracion...
[INFO] 22:41:24:649 Broker/(8810:8810): Cargando el archivo de configuracion...
[DEBUG] 22:41:24:691 Broker/(8810:8810): El tamaño inicial de memoria: 512
[DEBUG] 22:41:24:706 Broker/(8810:8810): El tamaño minimo de particion: 4
[DEBUG] 22:41:24:725 Broker/(8810:8810): El algoritmo de memoria es: PARTICIONES
[DEBUG] 22:41:24:741 Broker/(8810:8810): El algoritmo de reemplazo es: FIFO
[DEBUG] 22:41:24:753 Broker/(8810:8810): El algoritmo para particiones libre es: FF
[DEBUG] 22:41:24:774 Broker/(8810:8810): la ip del broker es: 127.0.0.1
[DEBUG] 22:41:24:789 Broker/(8810:8810): el puerto del broker es: 5002
[DEBUG] 22:41:24:797 Broker/(8810:8810): La frecuencia de compactacion es: 10
[DEBUG] 22:41:24:813 Broker/(8810:8810): El log file es: Broker.log
[INFO] 22:41:24:822 Broker/(8810:8810): Archivo de configuracion cargado...
[DEBUG] 22:41:24:859 Broker/(8810:8810): 3) Configuraciones cargadas correctamente!!!
[DEBUG] 22:41:24:871 Broker/(8810:8810): 4) Configurando signals...
[DEBUG] 22:41:24:901 Broker/(8810:8810): 5) Signals configuradas correctamente!!!
[DEBUG] 22:41:24:913 Broker/(8810:8810): 6) Inicializando cache de mensajes...
[DEBUG] 22:41:25:43 Broker/(8810:8810): la direccion de memoria en memoria l51 es: 69471320 
[DEBUG] 22:41:25:71 Broker/(8810:8810): Se asigno la memoria inicial
[DEBUG] 22:41:25:90 Broker/(8810:8810): La direccion inicial de memoria es: 0x4241d68
[DEBUG] 22:41:25:108 Broker/(8810:8810): Particion de memoria inicial creada con: 512 

[DEBUG] 22:41:25:130 Broker/(8810:8810): 7) Iniciando servidor...
[DEBUG] 22:41:25:185 Broker/(8810:8810): 8) Intentando bindear sever...
[DEBUG] 22:41:25:209 Broker/(8810:8810): 9) Server bindeado correctamente!!!
[DEBUG] 22:41:25:225 Broker/(8810:8810): 10) Hilo del servidor cargado correctamente!!!
[INFO] 22:41:26:308 Broker/(8810:8818): Se aceptó un nuevo proceso en el socket 5
[DEBUG] 22:41:26:375 Broker/(8810:8818): Mensaje Recibido:
[DEBUG] 22:41:26:382 Broker/(8810:8818): operacion: 0 
[DEBUG] 22:41:26:403 Broker/(8810:8818): cola_de_mensajes: 3 
[DEBUG] 22:41:26:409 Broker/(8810:8818): id_correlacional: -1  
[DEBUG] 22:41:26:424 Broker/(8810:8818): id_mensaje: -1 
[DEBUG] 22:41:26:445 Broker/(8810:8818): id_cliente: 12332 
[DEBUG] 22:41:26:457 Broker/(8810:8818): tamanio_payload: 11 
[INFO] 22:41:26:491 Broker/(8810:8818): El cliente 12332 envió un mensaje para la cola 3 a través de socket 5
[DEBUG] 22:41:26:535 Broker/(8810:8818): Nueva peticion de memoria de: 11
[DEBUG] 22:41:26:606 Broker/(8810:8818): Particiones dinamicas
[DEBUG] 22:41:26:621 Broker/(8810:8818): Alojar: 11
[DEBUG] 22:41:26:667 Broker/(8810:8818): Se hace una particion de: 11 
[DEBUG] 22:41:26:733 Broker/(8810:8818): Ejecutando Algoritmo de Particion Libre FF
[DEBUG] 22:41:26:757 Broker/(8810:8818): First Fit
[DEBUG] 22:41:26:780 Broker/(8810:8818): Por particionar el bloque, ya encontre mi bloque adecuado
[DEBUG] 22:41:26:796 Broker/(8810:8818): Indice a particionar 0
[DEBUG] 22:41:26:802 Broker/(8810:8818): Por particionar...
[INFO] 22:41:26:847 Broker/(8810:8818): Almacenado mensaje en la posicion real 0x4241d68
[WARNING] 22:41:26:915 Broker/(8810:8818): Puntero primer bloque 69475688
[WARNING] 22:41:26:926 Broker/(8810:8818): Puntero mi bloque 69475688
[WARNING] 22:41:26:934 Broker/(8810:8818): Puntero mi bloque 0
[INFO] 22:41:26:951 Broker/(8810:8818): Almacenado en la posicion relativa 0
[DEBUG] 22:41:26:953 Broker/(8810:8818): Bloque particionado...
[DEBUG] 22:41:26:970 Broker/(8810:8818): Ya ejecute el algoritmo fist fit
[DEBUG] 22:41:26:991 Broker/(8810:8818): Algoritmo de particion libre ejecutado!
[DEBUG] 22:41:27:6 Broker/(8810:8818): Aloje la nueva particion , PD
[INFO] 22:42:21:774 Broker/(8810:8810):  Broker DEJA DE FUNCIONAR 
[INFO] 22:42:21:786 Broker/(8810:8810): Chau!
[INFO] 22:43:58:106 Broker/(9002:9002): *************** INICIANDO EJECUCION DE BROKER ***************
[DEBUG] 22:43:59:282 Broker/(9002:9002): 1) Cache de mensajes lista!!!
[DEBUG] 22:43:59:305 Broker/(9002:9002): 2) Inicializando archivo de configuracion...
[INFO] 22:43:59:450 Broker/(9002:9002): Cargando el archivo de configuracion...
[DEBUG] 22:43:59:531 Broker/(9002:9002): El tamaño inicial de memoria: 512
[DEBUG] 22:43:59:552 Broker/(9002:9002): El tamaño minimo de particion: 4
[DEBUG] 22:43:59:572 Broker/(9002:9002): El algoritmo de memoria es: PARTICIONES
[DEBUG] 22:43:59:596 Broker/(9002:9002): El algoritmo de reemplazo es: FIFO
[DEBUG] 22:43:59:614 Broker/(9002:9002): El algoritmo para particiones libre es: FF
[DEBUG] 22:43:59:633 Broker/(9002:9002): la ip del broker es: 127.0.0.1
[DEBUG] 22:43:59:649 Broker/(9002:9002): el puerto del broker es: 5002
[DEBUG] 22:43:59:665 Broker/(9002:9002): La frecuencia de compactacion es: 10
[DEBUG] 22:43:59:679 Broker/(9002:9002): El log file es: Broker.log
[INFO] 22:43:59:687 Broker/(9002:9002): Archivo de configuracion cargado...
[DEBUG] 22:43:59:732 Broker/(9002:9002): 3) Configuraciones cargadas correctamente!!!
[DEBUG] 22:43:59:744 Broker/(9002:9002): 4) Configurando signals...
[DEBUG] 22:43:59:776 Broker/(9002:9002): 5) Signals configuradas correctamente!!!
[DEBUG] 22:43:59:788 Broker/(9002:9002): 6) Inicializando cache de mensajes...
[DEBUG] 22:43:59:920 Broker/(9002:9002): la direccion de memoria en memoria l51 es: 69471320 
[DEBUG] 22:43:59:948 Broker/(9002:9002): Se asigno la memoria inicial
[DEBUG] 22:43:59:967 Broker/(9002:9002): La direccion inicial de memoria es: 0x4241d68
[DEBUG] 22:43:59:986 Broker/(9002:9002): Particion de memoria inicial creada con: 512 

[DEBUG] 22:44:00:8 Broker/(9002:9002): 7) Iniciando servidor...
[DEBUG] 22:44:00:68 Broker/(9002:9002): 8) Intentando bindear sever...
[DEBUG] 22:44:00:91 Broker/(9002:9002): 9) Server bindeado correctamente!!!
[DEBUG] 22:44:00:109 Broker/(9002:9002): 10) Hilo del servidor cargado correctamente!!!
[INFO] 22:44:12:520 Broker/(9002:9022): Se aceptó un nuevo proceso en el socket 5
[DEBUG] 22:44:12:556 Broker/(9002:9022): Mensaje Recibido:
[DEBUG] 22:44:12:569 Broker/(9002:9022): operacion: 0 
[DEBUG] 22:44:12:586 Broker/(9002:9022): cola_de_mensajes: 3 
[DEBUG] 22:44:12:592 Broker/(9002:9022): id_correlacional: -1  
[DEBUG] 22:44:12:601 Broker/(9002:9022): id_mensaje: -1 
[DEBUG] 22:44:12:607 Broker/(9002:9022): id_cliente: 12332 
[DEBUG] 22:44:12:613 Broker/(9002:9022): tamanio_payload: 11 
[INFO] 22:44:12:645 Broker/(9002:9022): El cliente 12332 envió un mensaje para la cola 3 a través de socket 5
[DEBUG] 22:44:12:675 Broker/(9002:9022): Nueva peticion de memoria de: 11
[DEBUG] 22:44:12:734 Broker/(9002:9022): Particiones dinamicas
[DEBUG] 22:44:12:744 Broker/(9002:9022): Alojar: 11
[DEBUG] 22:44:12:759 Broker/(9002:9022): Se hace una particion de: 11 
[DEBUG] 22:44:12:793 Broker/(9002:9022): Ejecutando Algoritmo de Particion Libre FF
[DEBUG] 22:44:12:817 Broker/(9002:9022): First Fit
[DEBUG] 22:44:12:852 Broker/(9002:9022): Por particionar el bloque, ya encontre mi bloque adecuado
[DEBUG] 22:44:12:868 Broker/(9002:9022): Indice a particionar 0
[DEBUG] 22:44:12:874 Broker/(9002:9022): Por particionar...
[INFO] 22:44:12:917 Broker/(9002:9022): Almacenado mensaje en la posicion real 0x4241d68
[WARNING] 22:44:12:982 Broker/(9002:9022): Puntero primer bloque 69475688
[WARNING] 22:44:12:996 Broker/(9002:9022): Puntero mi bloque 69475688
[WARNING] 22:44:13:6 Broker/(9002:9022): Puntero mi bloque 0
[INFO] 22:44:13:19 Broker/(9002:9022): Almacenado en la posicion relativa 0
[DEBUG] 22:44:13:25 Broker/(9002:9022): Bloque particionado...
[DEBUG] 22:44:13:33 Broker/(9002:9022): Ya ejecute el algoritmo fist fit
[DEBUG] 22:44:13:43 Broker/(9002:9022): Algoritmo de particion libre ejecutado!
[DEBUG] 22:44:13:56 Broker/(9002:9022): Aloje la nueva particion , PD
[INFO] 22:44:13:168 Broker/(9002:9023): Se aceptó un nuevo proceso en el socket 6
[DEBUG] 22:44:13:171 Broker/(9002:9023): Mensaje Recibido:
[DEBUG] 22:44:13:174 Broker/(9002:9023): operacion: 0 
[DEBUG] 22:44:13:180 Broker/(9002:9023): cola_de_mensajes: 0 
[DEBUG] 22:44:13:181 Broker/(9002:9023): id_correlacional: -1  
[DEBUG] 22:44:13:198 Broker/(9002:9023): id_mensaje: -1 
[DEBUG] 22:44:13:199 Broker/(9002:9023): id_cliente: 12332 
[DEBUG] 22:44:13:201 Broker/(9002:9023): tamanio_payload: 19 
[INFO] 22:44:13:203 Broker/(9002:9023): El cliente 12332 envió un mensaje para la cola 0 a través de socket 6
[DEBUG] 22:44:13:210 Broker/(9002:9023): Nueva peticion de memoria de: 19
[DEBUG] 22:44:13:215 Broker/(9002:9023): Particiones dinamicas
[DEBUG] 22:44:13:217 Broker/(9002:9023): Alojar: 19
[DEBUG] 22:44:13:223 Broker/(9002:9023): Se hace una particion de: 19 
[DEBUG] 22:44:13:231 Broker/(9002:9023): Ejecutando Algoritmo de Particion Libre FF
[DEBUG] 22:44:13:236 Broker/(9002:9023): First Fit
[DEBUG] 22:44:13:243 Broker/(9002:9023): Por particionar el bloque, ya encontre mi bloque adecuado
[DEBUG] 22:44:13:247 Broker/(9002:9023): Indice a particionar 1
[DEBUG] 22:44:13:250 Broker/(9002:9023): Por particionar...
[INFO] 22:44:13:255 Broker/(9002:9023): Almacenado mensaje en la posicion real 0x4241d73
[WARNING] 22:44:13:264 Broker/(9002:9023): Puntero primer bloque 69475688
[WARNING] 22:44:13:271 Broker/(9002:9023): Puntero mi bloque 69475699
[WARNING] 22:44:13:276 Broker/(9002:9023): Puntero mi bloque 11
[INFO] 22:44:13:279 Broker/(9002:9023): Almacenado en la posicion relativa 11
[DEBUG] 22:44:13:286 Broker/(9002:9023): Bloque particionado...
[DEBUG] 22:44:13:290 Broker/(9002:9023): Ya ejecute el algoritmo fist fit
[DEBUG] 22:44:13:293 Broker/(9002:9023): Algoritmo de particion libre ejecutado!
[DEBUG] 22:44:13:297 Broker/(9002:9023): Aloje la nueva particion , PD
[INFO] 22:55:28:692 Broker/(9002:9002):  Broker DEJA DE FUNCIONAR 
[INFO] 22:55:28:706 Broker/(9002:9002): Chau!
