---------------------------------------------------------------------------------------------------------------------------------------------------------------
Dump 22/07/2020 01:27:40
Particion 0: 0x9e6cff0 - 0x9e6cff4.    [X]    Size: 4b    LRU: 1959144122    Cola: CAUGHT_POKEMON    ID: 0
Particion 1: 0x9e6cff4 - 0x9e6cff8.    [X]    Size: 4b    LRU: 1959144122    Cola: CAUGHT_POKEMON    ID: 1
Particion 2: 0x9e6cff8 - 0x9e6d00b.    [X]    Size: 19b    LRU: 1959143987    Cola: CATCH_POKEMON    ID: 2
Particion 3: 0x9e6d00b - 0x9e6d01f.    [X]    Size: 20b    LRU: 1959144030    Cola: CATCH_POKEMON    ID: 3
Particion 4: 0x9e6d01f - 0x9e6d02f.    [X]    Size: 16b    LRU: 1959144086    Cola: CATCH_POKEMON    ID: 4
Particion 5: 0x9e6d02f - 0x9e6d030.    [L]    Size: 1b
-----------------------------------------------------------------------------------------------------------------------------------------------------------------


---------------------------------------------------------------------------------------------------------------------------------------------------------------
Dump 22/07/2020 01:29:46
Particion 0: 0x4241e18 - 0x4241e2e.    [X]    Size: 22b    LRU: 1959249590    Cola: CATCH_POKEMON    ID: 5
Particion 1: 0x4241e2e - 0x4241e30.    [L]    Size: 2b
Particion 2: 0x4241e30 - 0x4241e34.    [X]    Size: 4b    LRU: 1959240779    Cola: CAUGHT_POKEMON    ID: 2
Particion 3: 0x4241e34 - 0x4241e44.    [X]    Size: 16b    LRU: 1959240091    Cola: CATCH_POKEMON    ID: 3
Particion 4: 0x4241e44 - 0x4241e57.    [X]    Size: 19b    LRU: 1959240213    Cola: CATCH_POKEMON    ID: 4
Particion 5: 0x4241e57 - 0x4241e58.    [L]    Size: 1b
-----------------------------------------------------------------------------------------------------------------------------------------------------------------


---------------------------------------------------------------------------------------------------------------------------------------------------------------
Dump 22/07/2020 01:35:28
Particion 0: 0x4241e28 - 0x4241e3e.    [X]    Size: 22b    LRU: 1959651731    Cola: CATCH_POKEMON    ID: 5
Particion 1: 0x4241e3e - 0x4241e3f.    [L]    Size: 1b
Particion 2: 0x4241e3f - 0x4241e4f.    [X]    Size: 16b    LRU: 1959641965    Cola: CATCH_POKEMON    ID: 2
Particion 3: 0x4241e4f - 0x4241e63.    [X]    Size: 20b    LRU: 1959642182    Cola: CATCH_POKEMON    ID: 3
Particion 4: 0x4241e63 - 0x4241e67.    [X]    Size: 4b    LRU: 1959643397    Cola: CAUGHT_POKEMON    ID: 4
Particion 5: 0x4241e67 - 0x4241e68.    [L]    Size: 1b
-----------------------------------------------------------------------------------------------------------------------------------------------------------------


---------------------------------------------------------------------------------------------------------------------------------------------------------------
Dump 22/07/2020 01:37:04
Particion 0: 0x4241e08 - 0x4241e0c.    [X]    Size: 4b    LRU: 1959738718    Cola: CAUGHT_POKEMON    ID: 0
Particion 1: 0x4241e0c - 0x4241e10.    [X]    Size: 4b    LRU: 1959738870    Cola: CAUGHT_POKEMON    ID: 1
Particion 2: 0x4241e10 - 0x4241e26.    [X]    Size: 22b    LRU: 1959747796    Cola: CATCH_POKEMON    ID: 5
Particion 3: 0x4241e26 - 0x4241e37.    [L]    Size: 17b
Particion 4: 0x4241e37 - 0x4241e47.    [X]    Size: 16b    LRU: 1959738258    Cola: CATCH_POKEMON    ID: 4
Particion 5: 0x4241e47 - 0x4241e48.    [L]    Size: 1b
-----------------------------------------------------------------------------------------------------------------------------------------------------------------


---------------------------------------------------------------------------------------------------------------------------------------------------------------
Dump 22/07/2020 02:21:37
Particion 0: 0x4241e28 - 0x4241e3e.    [X]    Size: 22b    LRU: 1962376284    Cola: CATCH_POKEMON    ID: 5
Particion 1: 0x4241e3e - 0x4241e40.    [L]    Size: 2b
Particion 2: 0x4241e40 - 0x4241e44.    [X]    Size: 4b    LRU: 1962367619    Cola: CAUGHT_POKEMON    ID: 2
Particion 3: 0x4241e44 - 0x4241e57.    [X]    Size: 19b    LRU: 1962366836    Cola: CATCH_POKEMON    ID: 3
Particion 4: 0x4241e57 - 0x4241e67.    [X]    Size: 16b    LRU: 1962366936    Cola: CATCH_POKEMON    ID: 4
Particion 5: 0x4241e67 - 0x4241e68.    [L]    Size: 1b
-----------------------------------------------------------------------------------------------------------------------------------------------------------------


